#
# A fatal error has been detected by the Java Runtime Environment:
#
#  SIGSEGV (0xb) at pc=0x0000000109fb17c1, pid=42860, tid=28959
#
# JRE version: OpenJDK Runtime Environment (15.0.2+7) (build 15.0.2+7)
# Java VM: OpenJDK 64-Bit Server VM (15.0.2+7, mixed mode, sharing, tiered, compressed oops, g1 gc, bsd-amd64)
# Problematic frame:
# V  [libjvm.dylib+0x9b17c1]  SymbolTable::do_lookup(char const*, int, unsigned long)+0xc1
#
# No core dump will be written. Core dumps have been disabled. To enable core dumping, try "ulimit -c unlimited" before starting Java again
#
# If you would like to submit a bug report, please visit:
#   https://bugreport.java.com/bugreport/crash.jsp
#

---------------  S U M M A R Y ------------

Command Line: -XX:TieredStopAtLevel=1 -Dfile.encoding=UTF-8 -Duser.country=CN -Duser.language=en -Duser.variant com.cognizant.miam.MiamApplication

Host: MacBookPro12,1 x86_64 2700 MHz, 4 cores, 8G, Darwin 19.6.0
Time: Wed Aug 18 12:56:08 2021 CEST elapsed time: 175.879944 seconds (0d 0h 2m 55s)

---------------  T H R E A D  ---------------

Current thread (0x00007fe58dbd0a00):  JavaThread "http-nio-8086-exec-1" daemon [_thread_in_vm, id=28959, stack(0x0000700004285000,0x0000700004385000)]

Stack: [0x0000700004285000,0x0000700004385000],  sp=0x0000700004382e50,  free space=1015k
Native frames: (J=compiled Java code, A=aot compiled Java code, j=interpreted, Vv=VM code, C=native code)
V  [libjvm.dylib+0x9b17c1]  SymbolTable::do_lookup(char const*, int, unsigned long)+0xc1
V  [libjvm.dylib+0x278e26]  ClassFileParser::parse_constant_pool_entries(ClassFileStream const*, ConstantPool*, int, Thread*)+0x396
V  [libjvm.dylib+0x2798b7]  ClassFileParser::parse_constant_pool(ClassFileStream const*, ConstantPool*, int, Thread*)+0x27
V  [libjvm.dylib+0x28b356]  ClassFileParser::parse_stream(ClassFileStream const*, Thread*)+0x4a6
V  [libjvm.dylib+0x28ae73]  ClassFileParser::ClassFileParser(ClassFileStream*, Symbol*, ClassLoaderData*, ClassLoadInfo const*, ClassFileParser::Publicity, Thread*)+0x383
V  [libjvm.dylib+0x69fa0b]  KlassFactory::create_from_stream(ClassFileStream*, Symbol*, ClassLoaderData*, ClassLoadInfo const&, Thread*)+0xcb
V  [libjvm.dylib+0x9bf822]  SystemDictionary::resolve_from_stream(Symbol*, Handle, Handle, ClassFileStream*, Thread*)+0x282
V  [libjvm.dylib+0x54e71b]  jvm_define_class_common(JNIEnv_*, char const*, _jobject*, signed char const*, int, _jobject*, char const*, Thread*)+0x2db
V  [libjvm.dylib+0x54f204]  JVM_DefineClassWithSource+0xc4
C  [libjava.dylib+0x6c10]  Java_java_lang_ClassLoader_defineClass1+0x1f0
J 910  java.lang.ClassLoader.defineClass1(Ljava/lang/ClassLoader;Ljava/lang/String;[BIILjava/security/ProtectionDomain;Ljava/lang/String;)Ljava/lang/Class; java.base@15.0.2 (0 bytes) @ 0x0000000116f8115d [0x0000000116f81020+0x000000000000013d]
J 930 c1 java.lang.ClassLoader.defineClass(Ljava/lang/String;[BIILjava/security/ProtectionDomain;)Ljava/lang/Class; java.base@15.0.2 (43 bytes) @ 0x0000000116f889ec [0x0000000116f888e0+0x000000000000010c]
J 668 c1 jdk.internal.loader.BuiltinClassLoader.defineClass(Ljava/lang/String;Ljdk/internal/loader/Resource;)Ljava/lang/Class; java.base@15.0.2 (121 bytes) @ 0x0000000116f2fff4 [0x0000000116f2fb20+0x00000000000004d4]
J 661 c1 jdk.internal.loader.BuiltinClassLoader.findClassOnClassPathOrNull(Ljava/lang/String;)Ljava/lang/Class; java.base@15.0.2 (64 bytes) @ 0x0000000116f2ca7c [0x0000000116f2c860+0x000000000000021c]
J 526 c1 jdk.internal.loader.BuiltinClassLoader.loadClassOrNull(Ljava/lang/String;Z)Ljava/lang/Class; java.base@15.0.2 (143 bytes) @ 0x0000000116ef15ec [0x0000000116ef1180+0x000000000000046c]
J 545 c1 jdk.internal.loader.ClassLoaders$AppClassLoader.loadClass(Ljava/lang/String;Z)Ljava/lang/Class; java.base@15.0.2 (40 bytes) @ 0x0000000116ef8d34 [0x0000000116ef8be0+0x0000000000000154]
J 535 c1 java.lang.ClassLoader.loadClass(Ljava/lang/String;)Ljava/lang/Class; java.base@15.0.2 (7 bytes) @ 0x0000000116ef4de4 [0x0000000116ef4da0+0x0000000000000044]
v  ~StubRoutines::call_stub
V  [libjvm.dylib+0x4af94d]  JavaCalls::call_helper(JavaValue*, methodHandle const&, JavaCallArguments*, Thread*)+0x2cd
V  [libjvm.dylib+0x4ae859]  JavaCalls::call_virtual(JavaValue*, Klass*, Symbol*, Symbol*, JavaCallArguments*, Thread*)+0x1e9
V  [libjvm.dylib+0x4ae9c0]  JavaCalls::call_virtual(JavaValue*, Handle, Klass*, Symbol*, Symbol*, Handle, Thread*)+0x70
V  [libjvm.dylib+0x9be908]  SystemDictionary::load_instance_class(Symbol*, Handle, Thread*)+0x118
V  [libjvm.dylib+0x9bd665]  SystemDictionary::resolve_instance_class_or_null(Symbol*, Handle, Handle, Thread*)+0x7e5
V  [libjvm.dylib+0x9bc8bf]  SystemDictionary::resolve_or_fail(Symbol*, Handle, Handle, bool, Thread*)+0x5f
V  [libjvm.dylib+0x2ee71b]  ConstantPool::klass_at_impl(constantPoolHandle const&, int, bool, Thread*)+0x19b
V  [libjvm.dylib+0x215c92]  ConstantPool::klass_at(int, Thread*)+0x102
V  [libjvm.dylib+0x4a4a54]  InterpreterRuntime::_new(JavaThread*, ConstantPool*, int)+0x24
j  org.apache.coyote.http11.Http11Processor.<init>(Lorg/apache/coyote/http11/AbstractHttp11Protocol;Lorg/apache/coyote/Adapter;)V+76
j  org.apache.coyote.http11.AbstractHttp11Protocol.createProcessor()Lorg/apache/coyote/Processor;+9
j  org.apache.coyote.AbstractProtocol$ConnectionHandler.process(Lorg/apache/tomcat/util/net/SocketWrapperBase;Lorg/apache/tomcat/util/net/SocketEvent;)Lorg/apache/tomcat/util/net/AbstractEndpoint$Handler$SocketState;+423
j  org.apache.tomcat.util.net.NioEndpoint$SocketProcessor.doRun()V+216
j  org.apache.tomcat.util.net.SocketProcessorBase.run()V+21
j  java.util.concurrent.ThreadPoolExecutor.runWorker(Ljava/util/concurrent/ThreadPoolExecutor$Worker;)V+92 java.base@15.0.2
j  java.util.concurrent.ThreadPoolExecutor$Worker.run()V+5 java.base@15.0.2
j  org.apache.tomcat.util.threads.TaskThread$WrappingRunnable.run()V+4
j  java.lang.Thread.run()V+11 java.base@15.0.2
v  ~StubRoutines::call_stub
V  [libjvm.dylib+0x4af94d]  JavaCalls::call_helper(JavaValue*, methodHandle const&, JavaCallArguments*, Thread*)+0x2cd
V  [libjvm.dylib+0x4ae859]  JavaCalls::call_virtual(JavaValue*, Klass*, Symbol*, Symbol*, JavaCallArguments*, Thread*)+0x1e9
V  [libjvm.dylib+0x4ae923]  JavaCalls::call_virtual(JavaValue*, Handle, Klass*, Symbol*, Symbol*, Thread*)+0x63
V  [libjvm.dylib+0x55d430]  thread_entry(JavaThread*, Thread*)+0xb0
V  [libjvm.dylib+0xa03692]  JavaThread::thread_main_inner()+0xb2
V  [libjvm.dylib+0xa00841]  Thread::call_run()+0x71
V  [libjvm.dylib+0x828247]  thread_native_entry(Thread*)+0x1a7
C  [libsystem_pthread.dylib+0x6109]  _pthread_start+0x94
C  [libsystem_pthread.dylib+0x1b8b]  thread_start+0xf

Java frames: (J=compiled Java code, j=interpreted, Vv=VM code)
J 910  java.lang.ClassLoader.defineClass1(Ljava/lang/ClassLoader;Ljava/lang/String;[BIILjava/security/ProtectionDomain;Ljava/lang/String;)Ljava/lang/Class; java.base@15.0.2 (0 bytes) @ 0x0000000116f810e0 [0x0000000116f81020+0x00000000000000c0]
J 930 c1 java.lang.ClassLoader.defineClass(Ljava/lang/String;[BIILjava/security/ProtectionDomain;)Ljava/lang/Class; java.base@15.0.2 (43 bytes) @ 0x0000000116f889ec [0x0000000116f888e0+0x000000000000010c]
J 668 c1 jdk.internal.loader.BuiltinClassLoader.defineClass(Ljava/lang/String;Ljdk/internal/loader/Resource;)Ljava/lang/Class; java.base@15.0.2 (121 bytes) @ 0x0000000116f2fff4 [0x0000000116f2fb20+0x00000000000004d4]
J 661 c1 jdk.internal.loader.BuiltinClassLoader.findClassOnClassPathOrNull(Ljava/lang/String;)Ljava/lang/Class; java.base@15.0.2 (64 bytes) @ 0x0000000116f2ca7c [0x0000000116f2c860+0x000000000000021c]
J 526 c1 jdk.internal.loader.BuiltinClassLoader.loadClassOrNull(Ljava/lang/String;Z)Ljava/lang/Class; java.base@15.0.2 (143 bytes) @ 0x0000000116ef15ec [0x0000000116ef1180+0x000000000000046c]
J 545 c1 jdk.internal.loader.ClassLoaders$AppClassLoader.loadClass(Ljava/lang/String;Z)Ljava/lang/Class; java.base@15.0.2 (40 bytes) @ 0x0000000116ef8d34 [0x0000000116ef8be0+0x0000000000000154]
J 535 c1 java.lang.ClassLoader.loadClass(Ljava/lang/String;)Ljava/lang/Class; java.base@15.0.2 (7 bytes) @ 0x0000000116ef4de4 [0x0000000116ef4da0+0x0000000000000044]
v  ~StubRoutines::call_stub
j  org.apache.coyote.http11.Http11Processor.<init>(Lorg/apache/coyote/http11/AbstractHttp11Protocol;Lorg/apache/coyote/Adapter;)V+76
j  org.apache.coyote.http11.AbstractHttp11Protocol.createProcessor()Lorg/apache/coyote/Processor;+9
j  org.apache.coyote.AbstractProtocol$ConnectionHandler.process(Lorg/apache/tomcat/util/net/SocketWrapperBase;Lorg/apache/tomcat/util/net/SocketEvent;)Lorg/apache/tomcat/util/net/AbstractEndpoint$Handler$SocketState;+423
j  org.apache.tomcat.util.net.NioEndpoint$SocketProcessor.doRun()V+216
j  org.apache.tomcat.util.net.SocketProcessorBase.run()V+21
j  java.util.concurrent.ThreadPoolExecutor.runWorker(Ljava/util/concurrent/ThreadPoolExecutor$Worker;)V+92 java.base@15.0.2
j  java.util.concurrent.ThreadPoolExecutor$Worker.run()V+5 java.base@15.0.2
j  org.apache.tomcat.util.threads.TaskThread$WrappingRunnable.run()V+4
j  java.lang.Thread.run()V+11 java.base@15.0.2
v  ~StubRoutines::call_stub

siginfo: si_signo: 11 (SIGSEGV), si_code: 0 (unknown), si_addr: 0x0000000000000000

Register to memory mapping:

RAX=0x000000005ac00008 is an unknown value
RBX=0x7265706f8c49ea00 is an unknown value
RCX=0x00007fe58f067000 points into unknown readable memory: 0x00007fe58fdc1d90 | 90 1d dc 8f e5 7f 00 00
RDX=0x00007fe58f0a5670 points into unknown readable memory: 0x00007fe59003dbf0 | f0 db 03 90 e5 7f 00 00
RSP=0x0000700004382e50 is pointing into the stack for thread: 0x00007fe58dbd0a00
RBP=0x0000700004382ea0 is pointing into the stack for thread: 0x00007fe58dbd0a00
RSI=0x00007fe59003dbf0 points into unknown readable memory: 0x00007fe590124240 | 40 42 12 90 e5 7f 00 00
RDI=0x00007fe58dbd0b08 points into unknown readable memory: 0x0000000000001f61 | 61 1f 00 00 00 00 00 00
R8 =0x0 is NULL
R9 =0x0000000000003000 is an unknown value
R10=0x0000000000000008 is an unknown value
R11=0x0000000000000074 is an unknown value
R12=0x0000000000000009 is an unknown value
R13=0x0000000000000007 is an unknown value
R14=0x00007fe58c49ead0 points into unknown readable memory: 0x00007fe58c48b200 | 00 b2 48 8c e5 7f 00 00
R15=0x0000000000000009 is an unknown value


Registers:
RAX=0x000000005ac00008, RBX=0x7265706f8c49ea00, RCX=0x00007fe58f067000, RDX=0x00007fe58f0a5670
RSP=0x0000700004382e50, RBP=0x0000700004382ea0, RSI=0x00007fe59003dbf0, RDI=0x00007fe58dbd0b08
R8 =0x0000000000000000, R9 =0x0000000000003000, R10=0x0000000000000008, R11=0x0000000000000074
R12=0x0000000000000009, R13=0x0000000000000007, R14=0x00007fe58c49ead0, R15=0x0000000000000009
RIP=0x0000000109fb17c1, EFLAGS=0x0000000000010202, ERR=0x0000000000000000
  TRAPNO=0x000000000000000d

Top of Stack: (sp=0x0000700004382e50)
0x0000700004382e50:   0000000000000009 00007fe58d2bee57
0x0000700004382e60:   00007fe58dbd0b08 0000000000000000
0x0000700004382e70:   00007fe58c6236c0 00007fe58d2bee57
0x0000700004382e80:   0000000000000009 00007fe58dbd0a00
0x0000700004382e90:   0000000000000251 000000012e01b590
0x0000700004382ea0:   0000700004382ff0 0000000109878e26
0x0000700004382eb0:   0000700004382f20 000000012e01b590
0x0000700004382ec0:   00007fe58dbd0a00 000000012e01b5d8
0x0000700004382ed0:   0000700004383568 0000026a9448fcce
0x0000700004382ee0:   0000000000000005 000000010a208ce0
0x0000700004382ef0:   00007fe58d2bd000 00007fe58d2c142d
0x0000700004382f00:   00007fe58d2bee60 00007000043836c0
0x0000700004382f10:   0000000000000001 0000700004383268
0x0000700004382f20:   e8a8e9f324fc12a4 3655787ddd01e9de
0x0000700004382f30:   5a4847b575b071eb 4cb328103491b416
0x0000700004382f40:   0000022a000001f6 000002300000022f
0x0000700004382f50:   000001ee0000024f 000001f5000001f1
0x0000700004382f60:   000000110000005d 0000001100000026
0x0000700004382f70:   0000003c0000000e 0000000c00000031
0x0000700004382f80:   00007fe58d2be692 00007fe58d2beab5
0x0000700004382f90:   00007fe58d2beaf8 00007fe58d2beb21
0x0000700004382fa0:   00007fe58d2bee3e 00007fe58d2be570
0x0000700004382fb0:   00007fe58d2be5f4 00007fe58d2be683
0x0000700004382fc0:   4ccb93f8e1a700dc 00007fe58dbd0a00
0x0000700004382fd0:   000000012e01b590 0000700004383568
0x0000700004382fe0:   000000000000026a 00007fe58dbd0a00
0x0000700004382ff0:   0000700004383050 00000001098798b7
0x0000700004383000:   000000012e01b318 0000700004383568
0x0000700004383010:   00007fe50000026a 00007fe58dbd0a00
0x0000700004383020:   0000700004383268 0000700004383268
0x0000700004383030:   00007fe5902489b0 0000700004383568
0x0000700004383040:   000000000000026a 00007fe58dbd0a00 

Instructions: (pc=0x0000000109fb17c1)
0x0000000109fb16c1:   20 00 00 00 be 08 00 00 00 31 d2 e8 4f de 75 ff
0x0000000109fb16d1:   48 85 c0 75 ba 31 c0 eb d0 48 83 c4 18 5b 41 5c
0x0000000109fb16e1:   41 5d 41 5e 41 5f 5d c3 0f 1f 80 00 00 00 00 55
0x0000000109fb16f1:   48 89 e5 89 d2 5d e9 04 00 00 00 0f 1f 40 00 55
0x0000000109fb1701:   48 89 e5 41 57 41 56 41 55 41 54 53 48 83 ec 28
0x0000000109fb1711:   41 89 f4 48 89 7d b8 48 8d 3d 81 af 2c 00 ff 17
0x0000000109fb1721:   48 8b 38 48 8b 1d 0d 62 33 00 4c 8b 87 08 01 00
0x0000000109fb1731:   00 48 81 c7 08 01 00 00 4c 89 c0 41 f6 c0 01 75
0x0000000109fb1741:   12 48 8d 05 0f 9d 2f 00 48 8b 80 80 00 00 00 48
0x0000000109fb1751:   83 c8 01 48 87 07 48 8b 43 48 48 85 c0 74 09 48
0x0000000109fb1761:   8d 43 48 31 c9 48 87 08 48 8b 4b 08 48 8b 41 18
0x0000000109fb1771:   48 21 d0 48 8b 09 48 8b 34 c1 48 f7 c6 02 00 00
0x0000000109fb1781:   00 0f 85 b2 00 00 00 48 8d 14 c1 4c 8b 32 49 83
0x0000000109fb1791:   e6 fc 0f 84 bd 00 00 00 48 89 5d d0 4c 89 45 c8
0x0000000109fb17a1:   48 89 7d c0 4d 63 fc 45 31 ed eb 10 0f 1f 00 8b
0x0000000109fb17b1:   03 49 ff c5 4d 8b 36 4d 85 f6 74 4d 49 8b 5e 08
0x0000000109fb17c1:   0f b7 43 04 44 39 e0 75 e6 48 8d 7b 06 48 8b 75
0x0000000109fb17d1:   b8 4c 89 fa e8 98 6b 12 00 85 c0 75 d2 48 89 df
0x0000000109fb17e1:   e8 fa f1 ff ff 84 c0 74 c8 49 ff c5 48 8b 7d c0
0x0000000109fb17f1:   4c 8b 45 c8 48 8b 5d d0 4d 85 f6 75 60 48 89 5d
0x0000000109fb1801:   d0 4c 89 45 c8 48 89 7d c0 48 8b 45 d0 48 8b 48
0x0000000109fb1811:   28 31 c0 48 8b 55 c0 48 8b 75 c8 48 89 32 49 39
0x0000000109fb1821:   cd 76 07 c6 05 06 e3 30 00 01 48 83 c4 28 5b 41
0x0000000109fb1831:   5c 41 5d 41 5e 41 5f 5d c3 48 8b 43 10 48 23 50
0x0000000109fb1841:   18 48 c1 e2 03 48 03 10 4c 8b 32 49 83 e6 fc 0f
0x0000000109fb1851:   85 43 ff ff ff 45 31 ed 4d 85 f6 74 a0 48 8b 4b
0x0000000109fb1861:   28 49 8b 46 08 4c 89 07 49 39 cd 77 b6 eb bb 55
0x0000000109fb1871:   48 89 e5 41 57 41 56 41 55 41 54 53 48 83 ec 18
0x0000000109fb1881:   48 89 7d d0 83 3d 70 60 33 00 00 0f 84 f9 01 00
0x0000000109fb1891:   00 89 d3 80 3d bd 60 33 00 00 74 2d 85 f6 7e 27
0x0000000109fb18a1:   8d 46 01 31 db 48 8b 4d d0 66 0f 1f 44 00 00 89
0x0000000109fb18b1:   da c1 e2 05 29 da 0f b6 19 01 d3 48 ff c1 ff c8 


Stack slot to memory mapping:
stack at sp + 0 slots: 0x0000000000000009 is an unknown value
stack at sp + 1 slots: 0x00007fe58d2bee57 points into unknown readable memory: 6c
stack at sp + 2 slots: 0x00007fe58dbd0b08 points into unknown readable memory: 0x0000000000001f61 | 61 1f 00 00 00 00 00 00
stack at sp + 3 slots: 0x0 is NULL
stack at sp + 4 slots: 0x00007fe58c6236c0 points into unknown readable memory: 0x0000000000000000 | 00 00 00 00 00 00 00 00
stack at sp + 5 slots: 0x00007fe58d2bee57 points into unknown readable memory: 6c
stack at sp + 6 slots: 0x0000000000000009 is an unknown value
stack at sp + 7 slots: 0x00007fe58dbd0a00 is a thread


---------------  P R O C E S S  ---------------

Threads class SMR info:
_java_thread_list=0x00007fe58c607720, length=27, elements={
0x00007fe58d82d400, 0x00007fe58d82fc00, 0x00007fe58e00e200, 0x00007fe58d830800,
0x00007fe58d012400, 0x00007fe58d012a00, 0x00007fe58d82da00, 0x00007fe58e01e200,
0x00007fe58c970800, 0x00007fe58c9c1c00, 0x00007fe58d946e00, 0x00007fe58e117600,
0x00007fe58cc52200, 0x00007fe58d2c9600, 0x00007fe58dbd0a00, 0x00007fe58d0bb600,
0x00007fe58dbd1000, 0x00007fe58dbbe800, 0x00007fe58e319000, 0x00007fe58e319600,
0x00007fe58cc52800, 0x00007fe58e3eda00, 0x00007fe58e3ee000, 0x00007fe58e3ee600,
0x00007fe58ca31200, 0x00007fe58e230000, 0x00007fe58d00be00
}

Java Threads: ( => current thread )
  0x00007fe58d82d400 JavaThread "Reference Handler" daemon [_thread_blocked, id=14339, stack(0x0000700002d43000,0x0000700002e43000)]
  0x00007fe58d82fc00 JavaThread "Finalizer" daemon [_thread_blocked, id=15107, stack(0x0000700002e46000,0x0000700002f46000)]
  0x00007fe58e00e200 JavaThread "Signal Dispatcher" daemon [_thread_blocked, id=42243, stack(0x000070000304f000,0x000070000314f000)]
  0x00007fe58d830800 JavaThread "Service Thread" daemon [_thread_blocked, id=41475, stack(0x0000700003152000,0x0000700003252000)]
  0x00007fe58d012400 JavaThread "C1 CompilerThread0" daemon [_thread_blocked, id=40451, stack(0x0000700003255000,0x0000700003355000)]
  0x00007fe58d012a00 JavaThread "Sweeper thread" daemon [_thread_blocked, id=39427, stack(0x0000700003358000,0x0000700003458000)]
  0x00007fe58d82da00 JavaThread "Notification Thread" daemon [_thread_blocked, id=38659, stack(0x000070000345b000,0x000070000355b000)]
  0x00007fe58e01e200 JavaThread "Common-Cleaner" daemon [_thread_blocked, id=23811, stack(0x0000700003661000,0x0000700003761000)]
  0x00007fe58c970800 JavaThread "Catalina-utility-1" [_thread_blocked, id=26883, stack(0x0000700003c73000,0x0000700003d73000)]
  0x00007fe58c9c1c00 JavaThread "Catalina-utility-2" [_thread_blocked, id=27651, stack(0x0000700003d76000,0x0000700003e76000)]
  0x00007fe58d946e00 JavaThread "container-0" [_thread_blocked, id=27907, stack(0x0000700003e79000,0x0000700003f79000)]
  0x00007fe58e117600 JavaThread "HikariPool-1 housekeeper" daemon [_thread_blocked, id=28675, stack(0x0000700003f7c000,0x000070000407c000)]
  0x00007fe58cc52200 JavaThread "File Watcher" daemon [_thread_blocked, id=33563, stack(0x000070000407f000,0x000070000417f000)]
  0x00007fe58d2c9600 JavaThread "Live Reload Server" daemon [_thread_in_native, id=43807, stack(0x0000700004182000,0x0000700004282000)]
=>0x00007fe58dbd0a00 JavaThread "http-nio-8086-exec-1" daemon [_thread_in_vm, id=28959, stack(0x0000700004285000,0x0000700004385000)]
  0x00007fe58d0bb600 JavaThread "http-nio-8086-exec-2" daemon [_thread_blocked, id=44315, stack(0x0000700004388000,0x0000700004488000)]
  0x00007fe58dbd1000 JavaThread "http-nio-8086-exec-3" daemon [_thread_blocked, id=31259, stack(0x000070000448b000,0x000070000458b000)]
  0x00007fe58dbbe800 JavaThread "http-nio-8086-exec-4" daemon [_thread_blocked, id=33307, stack(0x000070000458e000,0x000070000468e000)]
  0x00007fe58e319000 JavaThread "http-nio-8086-exec-5" daemon [_thread_blocked, id=34331, stack(0x0000700004691000,0x0000700004791000)]
  0x00007fe58e319600 JavaThread "http-nio-8086-exec-6" daemon [_thread_blocked, id=86811, stack(0x0000700004794000,0x0000700004894000)]
  0x00007fe58cc52800 JavaThread "http-nio-8086-exec-7" daemon [_thread_blocked, id=84483, stack(0x0000700004ba0000,0x0000700004ca0000)]
  0x00007fe58e3eda00 JavaThread "http-nio-8086-exec-8" daemon [_thread_blocked, id=83715, stack(0x0000700004ca3000,0x0000700004da3000)]
  0x00007fe58e3ee000 JavaThread "http-nio-8086-exec-9" daemon [_thread_blocked, id=83203, stack(0x0000700004da6000,0x0000700004ea6000)]
  0x00007fe58e3ee600 JavaThread "http-nio-8086-exec-10" daemon [_thread_blocked, id=47363, stack(0x0000700004ea9000,0x0000700004fa9000)]
  0x00007fe58ca31200 JavaThread "http-nio-8086-Poller" daemon [_thread_in_native, id=48131, stack(0x0000700004fac000,0x00007000050ac000)]
  0x00007fe58e230000 JavaThread "http-nio-8086-Acceptor" daemon [_thread_in_native, id=48899, stack(0x00007000050af000,0x00007000051af000)]
  0x00007fe58d00be00 JavaThread "DestroyJavaVM" [_thread_blocked, id=9731, stack(0x000070000262e000,0x000070000272e000)]

Other Threads:
  0x00007fe58c70d7a0 VMThread "VM Thread" [stack: 0x0000700002c40000,0x0000700002d40000] [id=17923]
  0x00007fe58c5288b0 WatcherThread [stack: 0x000070000355e000,0x000070000365e000] [id=23299]
  0x00007fe58c60fa70 GCTaskThread "GC Thread#0" [stack: 0x0000700002731000,0x0000700002831000] [id=12803]
  0x00007fe58c4561a0 GCTaskThread "GC Thread#1" [stack: 0x0000700003764000,0x0000700003864000] [id=43271]
  0x00007fe58c661630 GCTaskThread "GC Thread#2" [stack: 0x0000700003867000,0x0000700003967000] [id=24323]
  0x00007fe58f615b80 GCTaskThread "GC Thread#3" [stack: 0x0000700003b70000,0x0000700003c70000] [id=26379]
  0x00007fe58c610bf0 ConcurrentGCThread "G1 Main Marker" [stack: 0x0000700002834000,0x0000700002934000] [id=13059]
  0x00007fe58c611cc0 ConcurrentGCThread "G1 Conc#0" [stack: 0x0000700002937000,0x0000700002a37000] [id=19203]
  0x00007fe58c41b770 ConcurrentGCThread "G1 Refine#0" [stack: 0x0000700002a3a000,0x0000700002b3a000] [id=18435]
  0x00007fe590096c50 ConcurrentGCThread "G1 Refine#1" [stack: 0x0000700004897000,0x0000700004997000] [id=44803]
  0x00007fe590191e40 ConcurrentGCThread "G1 Refine#2" [stack: 0x000070000499a000,0x0000700004a9a000] [id=45315]
  0x00007fe590098670 ConcurrentGCThread "G1 Refine#3" [stack: 0x0000700004a9d000,0x0000700004b9d000] [id=85507]
  0x00007fe58c41c7e0 ConcurrentGCThread "G1 Young RemSet Sampling" [stack: 0x0000700002b3d000,0x0000700002c3d000] [id=13827]

Threads with active compile tasks:

VM state: not at safepoint (normal execution)

VM Mutex/Monitor currently owned by a thread: None

Heap address: 0x0000000780000000, size: 2048 MB, Compressed Oops mode: Zero based, Oop shift amount: 3
CDS archive(s) mapped at: [0x0000000800000000-0x0000000800b2f000-0x0000000800b2f000), size 11726848, SharedBaseAddress: 0x0000000800000000, ArchiveRelocationMode: 0.
Compressed class space mapped at: 0x0000000800b30000-0x0000000840b30000, size: 1073741824
Narrow klass base: 0x0000000800000000, Narrow klass shift: 3, Narrow klass range: 0x100000000

GC Precious Log:
 CPUs: 4 total, 4 available
 Memory: 8192M
 Large Page Support: Disabled
 NUMA Support: Disabled
 Compressed Oops: Enabled (Zero based)
 Heap Region Size: 1M
 Heap Min Capacity: 8M
 Heap Initial Capacity: 128M
 Heap Max Capacity: 2G
 Pre-touch: Disabled
 Parallel Workers: 4
 Concurrent Workers: 1
 Concurrent Refinement Workers: 4
 Periodic GC: Disabled

Heap:
 garbage-first heap   total 99328K, used 69261K [0x0000000780000000, 0x0000000800000000)
  region size 1024K, 15 young (15360K), 1 survivors (1024K)
 Metaspace       used 66214K, capacity 67392K, committed 68016K, reserved 1107968K
  class space    used 9140K, capacity 9470K, committed 9472K, reserved 1048576K

Heap Regions: E=young(eden), S=young(survivor), O=old, HS=humongous(starts), HC=humongous(continues), CS=collection set, F=free, OA=open archive, CA=closed archive, TAMS=top-at-mark-start (previous, next)
|   0|0x0000000780000000, 0x0000000780100000, 0x0000000780100000|100%|HS|  |TAMS 0x0000000780100000, 0x0000000780000000| Complete 
|   1|0x0000000780100000, 0x0000000780200000, 0x0000000780200000|100%| O|  |TAMS 0x0000000780200000, 0x0000000780100000| Untracked 
|   2|0x0000000780200000, 0x0000000780300000, 0x0000000780300000|100%| O|  |TAMS 0x0000000780300000, 0x0000000780200000| Untracked 
|   3|0x0000000780300000, 0x0000000780400000, 0x0000000780400000|100%| O|  |TAMS 0x0000000780400000, 0x0000000780300000| Untracked 
|   4|0x0000000780400000, 0x0000000780500000, 0x0000000780500000|100%| O|  |TAMS 0x0000000780500000, 0x0000000780400000| Untracked 
|   5|0x0000000780500000, 0x0000000780600000, 0x0000000780600000|100%| O|  |TAMS 0x0000000780600000, 0x0000000780500000| Untracked 
|   6|0x0000000780600000, 0x0000000780700000, 0x0000000780700000|100%| O|  |TAMS 0x0000000780700000, 0x0000000780600000| Untracked 
|   7|0x0000000780700000, 0x0000000780800000, 0x0000000780800000|100%| O|  |TAMS 0x0000000780800000, 0x0000000780700000| Untracked 
|   8|0x0000000780800000, 0x00000007808d0600, 0x0000000780900000| 81%| O|  |TAMS 0x00000007808d0600, 0x0000000780800000| Untracked 
|   9|0x0000000780900000, 0x0000000780a00000, 0x0000000780a00000|100%| O|  |TAMS 0x0000000780a00000, 0x0000000780900000| Untracked 
|  10|0x0000000780a00000, 0x0000000780b00000, 0x0000000780b00000|100%| O|  |TAMS 0x0000000780b00000, 0x0000000780a00000| Untracked 
|  11|0x0000000780b00000, 0x0000000780c00000, 0x0000000780c00000|100%| O|  |TAMS 0x0000000780c00000, 0x0000000780b00000| Untracked 
|  12|0x0000000780c00000, 0x0000000780d00000, 0x0000000780d00000|100%| O|  |TAMS 0x0000000780d00000, 0x0000000780c00000| Untracked 
|  13|0x0000000780d00000, 0x0000000780e00000, 0x0000000780e00000|100%| O|  |TAMS 0x0000000780e00000, 0x0000000780d00000| Untracked 
|  14|0x0000000780e00000, 0x0000000780f00000, 0x0000000780f00000|100%| O|  |TAMS 0x0000000780f00000, 0x0000000780e00000| Untracked 
|  15|0x0000000780f00000, 0x0000000781000000, 0x0000000781000000|100%| O|  |TAMS 0x0000000781000000, 0x0000000780f00000| Untracked 
|  16|0x0000000781000000, 0x0000000781100000, 0x0000000781100000|100%| O|  |TAMS 0x0000000781100000, 0x0000000781000000| Untracked 
|  17|0x0000000781100000, 0x0000000781200000, 0x0000000781200000|100%| O|  |TAMS 0x0000000781200000, 0x0000000781100000| Untracked 
|  18|0x0000000781200000, 0x0000000781300000, 0x0000000781300000|100%| O|  |TAMS 0x0000000781300000, 0x0000000781200000| Untracked 
|  19|0x0000000781300000, 0x0000000781400000, 0x0000000781400000|100%| O|  |TAMS 0x0000000781400000, 0x0000000781300000| Untracked 
|  20|0x0000000781400000, 0x0000000781500000, 0x0000000781500000|100%| O|  |TAMS 0x0000000781500000, 0x0000000781400000| Untracked 
|  21|0x0000000781500000, 0x0000000781600000, 0x0000000781600000|100%| O|  |TAMS 0x0000000781600000, 0x0000000781500000| Untracked 
|  22|0x0000000781600000, 0x0000000781700000, 0x0000000781700000|100%| O|  |TAMS 0x0000000781700000, 0x0000000781600000| Untracked 
|  23|0x0000000781700000, 0x0000000781800000, 0x0000000781800000|100%| O|  |TAMS 0x0000000781800000, 0x0000000781700000| Untracked 
|  24|0x0000000781800000, 0x0000000781900000, 0x0000000781900000|100%| O|  |TAMS 0x0000000781900000, 0x0000000781800000| Untracked 
|  25|0x0000000781900000, 0x0000000781a00000, 0x0000000781a00000|100%| O|  |TAMS 0x0000000781a00000, 0x0000000781900000| Untracked 
|  26|0x0000000781a00000, 0x0000000781b00000, 0x0000000781b00000|100%| O|  |TAMS 0x0000000781b00000, 0x0000000781a00000| Untracked 
|  27|0x0000000781b00000, 0x0000000781c00000, 0x0000000781c00000|100%| O|  |TAMS 0x0000000781c00000, 0x0000000781b00000| Untracked 
|  28|0x0000000781c00000, 0x0000000781d00000, 0x0000000781d00000|100%| O|  |TAMS 0x0000000781d00000, 0x0000000781c00000| Untracked 
|  29|0x0000000781d00000, 0x0000000781e00000, 0x0000000781e00000|100%| O|  |TAMS 0x0000000781dbea00, 0x0000000781d00000| Untracked 
|  30|0x0000000781e00000, 0x0000000781f00000, 0x0000000781f00000|100%| O|  |TAMS 0x0000000781e00000, 0x0000000781e00000| Untracked 
|  31|0x0000000781f00000, 0x0000000782000000, 0x0000000782000000|100%| O|  |TAMS 0x0000000781f00000, 0x0000000781f00000| Untracked 
|  32|0x0000000782000000, 0x0000000782100000, 0x0000000782100000|100%| O|  |TAMS 0x0000000782000000, 0x0000000782000000| Untracked 
|  33|0x0000000782100000, 0x0000000782200000, 0x0000000782200000|100%| O|  |TAMS 0x0000000782100000, 0x0000000782100000| Untracked 
|  34|0x0000000782200000, 0x0000000782300000, 0x0000000782300000|100%| O|  |TAMS 0x0000000782200000, 0x0000000782200000| Untracked 
|  35|0x0000000782300000, 0x0000000782400000, 0x0000000782400000|100%| O|  |TAMS 0x0000000782300000, 0x0000000782300000| Untracked 
|  36|0x0000000782400000, 0x0000000782500000, 0x0000000782500000|100%| O|  |TAMS 0x0000000782400000, 0x0000000782400000| Untracked 
|  37|0x0000000782500000, 0x0000000782600000, 0x0000000782600000|100%| O|  |TAMS 0x0000000782500000, 0x0000000782500000| Untracked 
|  38|0x0000000782600000, 0x0000000782700000, 0x0000000782700000|100%| O|  |TAMS 0x0000000782600000, 0x0000000782600000| Untracked 
|  39|0x0000000782700000, 0x0000000782800000, 0x0000000782800000|100%| O|  |TAMS 0x0000000782700000, 0x0000000782700000| Untracked 
|  40|0x0000000782800000, 0x0000000782900000, 0x0000000782900000|100%| O|  |TAMS 0x0000000782800000, 0x0000000782800000| Untracked 
|  41|0x0000000782900000, 0x0000000782a00000, 0x0000000782a00000|100%| O|  |TAMS 0x0000000782900000, 0x0000000782900000| Untracked 
|  42|0x0000000782a00000, 0x0000000782b00000, 0x0000000782b00000|100%| O|  |TAMS 0x0000000782a00000, 0x0000000782a00000| Untracked 
|  43|0x0000000782b00000, 0x0000000782c00000, 0x0000000782c00000|100%| O|  |TAMS 0x0000000782b00000, 0x0000000782b00000| Untracked 
|  44|0x0000000782c00000, 0x0000000782d00000, 0x0000000782d00000|100%|HS|  |TAMS 0x0000000782c00000, 0x0000000782c00000| Complete 
|  45|0x0000000782d00000, 0x0000000782e00000, 0x0000000782e00000|100%| O|  |TAMS 0x0000000782d00000, 0x0000000782d00000| Untracked 
|  46|0x0000000782e00000, 0x0000000782f00000, 0x0000000782f00000|100%| O|  |TAMS 0x0000000782e00000, 0x0000000782e00000| Untracked 
|  47|0x0000000782f00000, 0x0000000783000000, 0x0000000783000000|100%| O|  |TAMS 0x0000000782f00000, 0x0000000782f00000| Untracked 
|  48|0x0000000783000000, 0x0000000783100000, 0x0000000783100000|100%| O|  |TAMS 0x0000000783000000, 0x0000000783000000| Untracked 
|  49|0x0000000783100000, 0x0000000783200000, 0x0000000783200000|100%| O|  |TAMS 0x0000000783100000, 0x0000000783100000| Untracked 
|  50|0x0000000783200000, 0x0000000783300000, 0x0000000783300000|100%| O|  |TAMS 0x0000000783200000, 0x0000000783200000| Untracked 
|  51|0x0000000783300000, 0x0000000783400000, 0x0000000783400000|100%| O|  |TAMS 0x0000000783300000, 0x0000000783300000| Untracked 
|  52|0x0000000783400000, 0x0000000783500000, 0x0000000783500000|100%| O|  |TAMS 0x0000000783400000, 0x0000000783400000| Untracked 
|  53|0x0000000783500000, 0x00000007835a1600, 0x0000000783600000| 63%| O|  |TAMS 0x0000000783500000, 0x0000000783500000| Untracked 
|  54|0x0000000783600000, 0x0000000783600000, 0x0000000783700000|  0%| F|  |TAMS 0x0000000783600000, 0x0000000783600000| Untracked 
|  55|0x0000000783700000, 0x0000000783700000, 0x0000000783800000|  0%| F|  |TAMS 0x0000000783700000, 0x0000000783700000| Untracked 
|  56|0x0000000783800000, 0x0000000783800000, 0x0000000783900000|  0%| F|  |TAMS 0x0000000783800000, 0x0000000783800000| Untracked 
|  57|0x0000000783900000, 0x0000000783900000, 0x0000000783a00000|  0%| F|  |TAMS 0x0000000783900000, 0x0000000783900000| Untracked 
|  58|0x0000000783a00000, 0x0000000783a00000, 0x0000000783b00000|  0%| F|  |TAMS 0x0000000783a00000, 0x0000000783a00000| Untracked 
|  59|0x0000000783b00000, 0x0000000783b00000, 0x0000000783c00000|  0%| F|  |TAMS 0x0000000783b00000, 0x0000000783b00000| Untracked 
|  60|0x0000000783c00000, 0x0000000783c00000, 0x0000000783d00000|  0%| F|  |TAMS 0x0000000783c00000, 0x0000000783c00000| Untracked 
|  61|0x0000000783d00000, 0x0000000783d00000, 0x0000000783e00000|  0%| F|  |TAMS 0x0000000783d00000, 0x0000000783d00000| Untracked 
|  62|0x0000000783e00000, 0x0000000783e00000, 0x0000000783f00000|  0%| F|  |TAMS 0x0000000783e00000, 0x0000000783e00000| Untracked 
|  63|0x0000000783f00000, 0x0000000783f00000, 0x0000000784000000|  0%| F|  |TAMS 0x0000000783f00000, 0x0000000783f00000| Untracked 
|  64|0x0000000784000000, 0x0000000784000000, 0x0000000784100000|  0%| F|  |TAMS 0x0000000784000000, 0x0000000784000000| Untracked 
|  65|0x0000000784100000, 0x0000000784100000, 0x0000000784200000|  0%| F|  |TAMS 0x0000000784100000, 0x0000000784100000| Untracked 
|  66|0x0000000784200000, 0x0000000784200000, 0x0000000784300000|  0%| F|  |TAMS 0x0000000784200000, 0x0000000784200000| Untracked 
|  67|0x0000000784300000, 0x0000000784300000, 0x0000000784400000|  0%| F|  |TAMS 0x0000000784300000, 0x0000000784300000| Untracked 
|  68|0x0000000784400000, 0x0000000784400000, 0x0000000784500000|  0%| F|  |TAMS 0x0000000784400000, 0x0000000784400000| Untracked 
|  69|0x0000000784500000, 0x0000000784500000, 0x0000000784600000|  0%| F|  |TAMS 0x0000000784500000, 0x0000000784500000| Untracked 
|  70|0x0000000784600000, 0x0000000784600000, 0x0000000784700000|  0%| F|  |TAMS 0x0000000784600000, 0x0000000784600000| Untracked 
|  71|0x0000000784700000, 0x0000000784700000, 0x0000000784800000|  0%| F|  |TAMS 0x0000000784700000, 0x0000000784700000| Untracked 
|  72|0x0000000784800000, 0x0000000784800000, 0x0000000784900000|  0%| F|  |TAMS 0x0000000784800000, 0x0000000784800000| Untracked 
|  73|0x0000000784900000, 0x0000000784900000, 0x0000000784a00000|  0%| F|  |TAMS 0x0000000784900000, 0x0000000784900000| Untracked 
|  74|0x0000000784a00000, 0x0000000784a00000, 0x0000000784b00000|  0%| F|  |TAMS 0x0000000784a00000, 0x0000000784a00000| Untracked 
|  75|0x0000000784b00000, 0x0000000784b00000, 0x0000000784c00000|  0%| F|  |TAMS 0x0000000784b00000, 0x0000000784b00000| Untracked 
|  76|0x0000000784c00000, 0x0000000784c00000, 0x0000000784d00000|  0%| F|  |TAMS 0x0000000784c00000, 0x0000000784c00000| Untracked 
|  77|0x0000000784d00000, 0x0000000784d00000, 0x0000000784e00000|  0%| F|  |TAMS 0x0000000784d00000, 0x0000000784d00000| Untracked 
|  78|0x0000000784e00000, 0x0000000784e00000, 0x0000000784f00000|  0%| F|  |TAMS 0x0000000784e00000, 0x0000000784e00000| Untracked 
|  79|0x0000000784f00000, 0x0000000784f00000, 0x0000000785000000|  0%| F|  |TAMS 0x0000000784f00000, 0x0000000784f00000| Untracked 
|  80|0x0000000785000000, 0x000000078503eb18, 0x0000000785100000| 24%| E|  |TAMS 0x0000000785000000, 0x0000000785000000| Complete 
|  81|0x0000000785100000, 0x0000000785200000, 0x0000000785200000|100%| E|CS|TAMS 0x0000000785100000, 0x0000000785100000| Complete 
|  82|0x0000000785200000, 0x0000000785300000, 0x0000000785300000|100%| E|CS|TAMS 0x0000000785200000, 0x0000000785200000| Complete 
|  83|0x0000000785300000, 0x0000000785400000, 0x0000000785400000|100%| E|CS|TAMS 0x0000000785300000, 0x0000000785300000| Complete 
|  84|0x0000000785400000, 0x0000000785500000, 0x0000000785500000|100%| E|CS|TAMS 0x0000000785400000, 0x0000000785400000| Complete 
|  85|0x0000000785500000, 0x0000000785600000, 0x0000000785600000|100%| E|CS|TAMS 0x0000000785500000, 0x0000000785500000| Complete 
|  86|0x0000000785600000, 0x0000000785700000, 0x0000000785700000|100%| E|CS|TAMS 0x0000000785600000, 0x0000000785600000| Complete 
|  87|0x0000000785700000, 0x0000000785800000, 0x0000000785800000|100%| E|CS|TAMS 0x0000000785700000, 0x0000000785700000| Complete 
|  88|0x0000000785800000, 0x0000000785900000, 0x0000000785900000|100%| E|CS|TAMS 0x0000000785800000, 0x0000000785800000| Complete 
|  89|0x0000000785900000, 0x0000000785a00000, 0x0000000785a00000|100%| E|CS|TAMS 0x0000000785900000, 0x0000000785900000| Complete 
| 119|0x0000000787700000, 0x0000000787800000, 0x0000000787800000|100%| E|CS|TAMS 0x0000000787700000, 0x0000000787700000| Complete 
| 120|0x0000000787800000, 0x0000000787867ba8, 0x0000000787900000| 40%| S|CS|TAMS 0x0000000787800000, 0x0000000787800000| Complete 
| 121|0x0000000787900000, 0x0000000787a00000, 0x0000000787a00000|100%| E|CS|TAMS 0x0000000787900000, 0x0000000787900000| Complete 
| 122|0x0000000787a00000, 0x0000000787b00000, 0x0000000787b00000|100%| E|CS|TAMS 0x0000000787a00000, 0x0000000787a00000| Complete 
| 127|0x0000000787f00000, 0x0000000788000000, 0x0000000788000000|100%| E|CS|TAMS 0x0000000787f00000, 0x0000000787f00000| Complete 
|1022|0x00000007bfe00000, 0x00000007bfe51000, 0x00000007bff00000| 31%|OA|  |TAMS 0x00000007bfe51000, 0x00000007bfe00000| Untracked 
|1023|0x00000007bff00000, 0x00000007bff79000, 0x00000007c0000000| 47%|CA|  |TAMS 0x00000007bff79000, 0x00000007bff00000| Untracked 

Card table byte_map: [0x0000000113081000,0x0000000113481000] _byte_map_base: 0x000000010f481000

Marking Bits (Prev, Next): (CMBitMap*) 0x00007fe58d02de10, (CMBitMap*) 0x00007fe58d02de50
 Prev Bits: [0x0000000113881000, 0x0000000115881000)
 Next Bits: [0x0000000125795000, 0x0000000127795000)

Polling page: 0x0000000108dd3000

Metaspace:

Usage:
  Non-class:     56.56 MB capacity,    55.74 MB ( 99%) used,   727.79 KB (  1%) free+waste,   120.06 KB ( <1%) overhead. 
      Class:      9.25 MB capacity,     8.93 MB ( 97%) used,   278.02 KB (  3%) free+waste,    51.56 KB ( <1%) overhead. 
       Both:     65.81 MB capacity,    64.66 MB ( 98%) used,  1005.81 KB (  1%) free+waste,   171.62 KB ( <1%) overhead. 

Virtual space:
  Non-class space:       58.00 MB reserved,      57.17 MB ( 99%) committed 
      Class space:        1.00 GB reserved,       9.25 MB ( <1%) committed 
             Both:        1.06 GB reserved,      66.42 MB (  6%) committed 

Chunk freelists:
   Non-Class:  606.00 KB
       Class:  2.00 KB
        Both:  608.00 KB

MaxMetaspaceSize: 17179869184.00 GB
CompressedClassSpaceSize: 1.00 GB

CodeHeap 'non-profiled nmethods': size=238948Kb used=10978Kb max_used=10978Kb free=227969Kb
 bounds [0x0000000116e3c000, 0x00000001178fc000, 0x0000000125795000]
CodeHeap 'non-nmethods': size=6812Kb used=1298Kb max_used=1298Kb free=5513Kb
 bounds [0x0000000116795000, 0x0000000116a05000, 0x0000000116e3c000]
 total_blobs=7190 nmethods=6592 adapters=526
 compilation: enabled
              stopped_count=0, restarted_count=0
 full_count=0

Compilation events (20 events):
Event: 153.240 Thread 0x00007fe58d012400 6658       1       java.util.concurrent.ScheduledThreadPoolExecutor$ScheduledFutureTask::getDelay (16 bytes)
Event: 153.240 Thread 0x00007fe58d012400 nmethod 6658 0x00000001178f1b90 code [0x00000001178f1d20, 0x00000001178f1e20]
Event: 153.240 Thread 0x00007fe58d012400 6659       1       java.util.concurrent.TimeUnit::convert (77 bytes)
Event: 153.241 Thread 0x00007fe58d012400 nmethod 6659 0x00000001178f1f10 code [0x00000001178f20e0, 0x00000001178f22e0]
Event: 156.241 Thread 0x00007fe58d012400 6660       1       java.util.concurrent.ScheduledThreadPoolExecutor::canRunInCurrentRunState (61 bytes)
Event: 156.244 Thread 0x00007fe58d012400 nmethod 6660 0x00000001178f2490 code [0x00000001178f2640, 0x00000001178f28c0]
Event: 161.208 Thread 0x00007fe58d012400 6661       1       org.apache.catalina.webresources.CachedResource::getNextCheck (5 bytes)
Event: 161.210 Thread 0x00007fe58d012400 nmethod 6661 0x00000001178f2a10 code [0x00000001178f2ba0, 0x00000001178f2c50]
Event: 162.043 Thread 0x00007fe58d012400 6662       1       java.util.HashMap$KeySet::contains (9 bytes)
Event: 162.045 Thread 0x00007fe58d012400 nmethod 6662 0x00000001178f2d10 code [0x00000001178f2ea0, 0x00000001178f2f80]
Event: 166.193 Thread 0x00007fe58d012400 6663       1       org.springframework.boot.devtools.filewatch.DirectorySnapshot::equals (46 bytes)
Event: 166.198 Thread 0x00007fe58d012400 nmethod 6663 0x00000001178f3010 code [0x00000001178f31e0, 0x00000001178f3450]
Event: 166.198 Thread 0x00007fe58d012400 6664       1       java.util.Collections$UnmodifiableSet::equals (24 bytes)
Event: 166.198 Thread 0x00007fe58d012400 nmethod 6664 0x00000001178f3610 code [0x00000001178f37a0, 0x00000001178f38a0]
Event: 167.241 Thread 0x00007fe58d012400 6665       1       java.util.concurrent.locks.AbstractQueuedSynchronizer$ConditionObject::doSignal (54 bytes)
Event: 167.242 Thread 0x00007fe58d012400 nmethod 6665 0x00000001178f3910 code [0x00000001178f3aa0, 0x00000001178f3ce0]
Event: 167.242 Thread 0x00007fe58d012400 6666       1       java.util.concurrent.locks.AbstractQueuedSynchronizer::enqueue (60 bytes)
Event: 167.242 Thread 0x00007fe58d012400 nmethod 6666 0x00000001178f3e10 code [0x00000001178f3fc0, 0x00000001178f43c0]
Event: 175.758 Thread 0x00007fe58d012400 6667       1       java.util.concurrent.ThreadPoolExecutor$Worker::tryAcquire (20 bytes)
Event: 175.759 Thread 0x00007fe58d012400 nmethod 6667 0x00000001178f4510 code [0x00000001178f46a0, 0x00000001178f47f0]

GC Heap History (20 events):
Event: 97.554 GC heap before
{Heap before GC invocations=34 (full 0):
 garbage-first heap   total 56320K, used 44714K [0x0000000780000000, 0x0000000800000000)
  region size 1024K, 17 young (17408K), 2 survivors (2048K)
 Metaspace       used 63521K, capacity 64743K, committed 65456K, reserved 1105920K
  class space    used 8833K, capacity 9162K, committed 9216K, reserved 1048576K
}
Event: 97.571 GC heap after
{Heap after GC invocations=35 (full 0):
 garbage-first heap   total 56320K, used 30745K [0x0000000780000000, 0x0000000800000000)
  region size 1024K, 3 young (3072K), 3 survivors (3072K)
 Metaspace       used 63521K, capacity 64743K, committed 65456K, reserved 1105920K
  class space    used 8833K, capacity 9162K, committed 9216K, reserved 1048576K
}
Event: 98.517 GC heap before
{Heap before GC invocations=35 (full 0):
 garbage-first heap   total 61440K, used 43033K [0x0000000780000000, 0x0000000800000000)
  region size 1024K, 16 young (16384K), 3 survivors (3072K)
 Metaspace       used 64113K, capacity 65326K, committed 65968K, reserved 1105920K
  class space    used 8902K, capacity 9206K, committed 9216K, reserved 1048576K
}
Event: 98.532 GC heap after
{Heap after GC invocations=36 (full 0):
 garbage-first heap   total 73728K, used 33124K [0x0000000780000000, 0x0000000800000000)
  region size 1024K, 2 young (2048K), 2 survivors (2048K)
 Metaspace       used 64113K, capacity 65326K, committed 65968K, reserved 1105920K
  class space    used 8902K, capacity 9206K, committed 9216K, reserved 1048576K
}
Event: 99.180 GC heap before
{Heap before GC invocations=37 (full 0):
 garbage-first heap   total 73728K, used 58724K [0x0000000780000000, 0x0000000800000000)
  region size 1024K, 26 young (26624K), 2 survivors (2048K)
 Metaspace       used 64234K, capacity 65422K, committed 66096K, reserved 1105920K
  class space    used 8913K, capacity 9238K, committed 9344K, reserved 1048576K
}
Event: 99.185 GC heap after
{Heap after GC invocations=38 (full 0):
 garbage-first heap   total 73728K, used 35133K [0x0000000780000000, 0x0000000800000000)
  region size 1024K, 4 young (4096K), 4 survivors (4096K)
 Metaspace       used 64234K, capacity 65422K, committed 66096K, reserved 1105920K
  class space    used 8913K, capacity 9238K, committed 9344K, reserved 1048576K
}
Event: 99.219 GC heap before
{Heap before GC invocations=38 (full 0):
 garbage-first heap   total 73728K, used 46397K [0x0000000780000000, 0x0000000800000000)
  region size 1024K, 17 young (17408K), 4 survivors (4096K)
 Metaspace       used 64240K, capacity 65422K, committed 66096K, reserved 1105920K
  class space    used 8913K, capacity 9238K, committed 9344K, reserved 1048576K
}
Event: 99.231 GC heap after
{Heap after GC invocations=39 (full 0):
 garbage-first heap   total 73728K, used 38280K [0x0000000780000000, 0x0000000800000000)
  region size 1024K, 4 young (4096K), 4 survivors (4096K)
 Metaspace       used 64240K, capacity 65422K, committed 66096K, reserved 1105920K
  class space    used 8913K, capacity 9238K, committed 9344K, reserved 1048576K
}
Event: 99.432 GC heap before
{Heap before GC invocations=39 (full 0):
 garbage-first heap   total 73728K, used 55688K [0x0000000780000000, 0x0000000800000000)
  region size 1024K, 21 young (21504K), 4 survivors (4096K)
 Metaspace       used 64258K, capacity 65422K, committed 66096K, reserved 1105920K
  class space    used 8913K, capacity 9238K, committed 9344K, reserved 1048576K
}
Event: 99.445 GC heap after
{Heap after GC invocations=40 (full 0):
 garbage-first heap   total 73728K, used 43514K [0x0000000780000000, 0x0000000800000000)
  region size 1024K, 3 young (3072K), 3 survivors (3072K)
 Metaspace       used 64258K, capacity 65422K, committed 66096K, reserved 1105920K
  class space    used 8913K, capacity 9238K, committed 9344K, reserved 1048576K
}
Event: 99.623 GC heap before
{Heap before GC invocations=40 (full 0):
 garbage-first heap   total 73728K, used 54778K [0x0000000780000000, 0x0000000800000000)
  region size 1024K, 15 young (15360K), 3 survivors (3072K)
 Metaspace       used 64260K, capacity 65422K, committed 66096K, reserved 1105920K
  class space    used 8913K, capacity 9238K, committed 9344K, reserved 1048576K
}
Event: 99.655 GC heap after
{Heap after GC invocations=41 (full 0):
 garbage-first heap   total 73728K, used 46924K [0x0000000780000000, 0x0000000800000000)
  region size 1024K, 2 young (2048K), 2 survivors (2048K)
 Metaspace       used 64260K, capacity 65422K, committed 66096K, reserved 1105920K
  class space    used 8913K, capacity 9238K, committed 9344K, reserved 1048576K
}
Event: 99.677 GC heap before
{Heap before GC invocations=41 (full 0):
 garbage-first heap   total 73728K, used 56140K [0x0000000780000000, 0x0000000800000000)
  region size 1024K, 11 young (11264K), 2 survivors (2048K)
 Metaspace       used 64264K, capacity 65422K, committed 66096K, reserved 1105920K
  class space    used 8913K, capacity 9238K, committed 9344K, reserved 1048576K
}
Event: 99.682 GC heap after
{Heap after GC invocations=42 (full 0):
 garbage-first heap   total 73728K, used 50398K [0x0000000780000000, 0x0000000800000000)
  region size 1024K, 2 young (2048K), 2 survivors (2048K)
 Metaspace       used 64264K, capacity 65422K, committed 66096K, reserved 1105920K
  class space    used 8913K, capacity 9238K, committed 9344K, reserved 1048576K
}
Event: 99.721 GC heap before
{Heap before GC invocations=42 (full 0):
 garbage-first heap   total 73728K, used 56542K [0x0000000780000000, 0x0000000800000000)
  region size 1024K, 9 young (9216K), 2 survivors (2048K)
 Metaspace       used 64300K, capacity 65486K, committed 66352K, reserved 1105920K
  class space    used 8913K, capacity 9238K, committed 9344K, reserved 1048576K
}
Event: 99.753 GC heap after
{Heap after GC invocations=43 (full 0):
 garbage-first heap   total 73728K, used 52207K [0x0000000780000000, 0x0000000800000000)
  region size 1024K, 2 young (2048K), 2 survivors (2048K)
 Metaspace       used 64300K, capacity 65486K, committed 66352K, reserved 1105920K
  class space    used 8913K, capacity 9238K, committed 9344K, reserved 1048576K
}
Event: 99.839 GC heap before
{Heap before GC invocations=43 (full 0):
 garbage-first heap   total 73728K, used 58351K [0x0000000780000000, 0x0000000800000000)
  region size 1024K, 8 young (8192K), 2 survivors (2048K)
 Metaspace       used 64302K, capacity 65486K, committed 66352K, reserved 1105920K
  class space    used 8913K, capacity 9238K, committed 9344K, reserved 1048576K
}
Event: 99.862 GC heap after
{Heap after GC invocations=44 (full 0):
 garbage-first heap   total 73728K, used 55270K [0x0000000780000000, 0x0000000800000000)
  region size 1024K, 1 young (1024K), 1 survivors (1024K)
 Metaspace       used 64302K, capacity 65486K, committed 66352K, reserved 1105920K
  class space    used 8913K, capacity 9238K, committed 9344K, reserved 1048576K
}
Event: 100.070 GC heap before
{Heap before GC invocations=44 (full 0):
 garbage-first heap   total 73728K, used 57318K [0x0000000780000000, 0x0000000800000000)
  region size 1024K, 4 young (4096K), 1 survivors (1024K)
 Metaspace       used 64504K, capacity 65649K, committed 66352K, reserved 1105920K
  class space    used 8940K, capacity 9271K, committed 9344K, reserved 1048576K
}
Event: 100.074 GC heap after
{Heap after GC invocations=45 (full 0):
 garbage-first heap   total 93184K, used 55949K [0x0000000780000000, 0x0000000800000000)
  region size 1024K, 1 young (1024K), 1 survivors (1024K)
 Metaspace       used 64504K, capacity 65649K, committed 66352K, reserved 1105920K
  class space    used 8940K, capacity 9271K, committed 9344K, reserved 1048576K
}

Deoptimization events (8 events):
Event: 42.043 Thread 0x00007fe58d9e6e00 DEOPT PACKING pc=0x00000001170e9f14 sp=0x0000700003b6aeb0
Event: 42.043 Thread 0x00007fe58d9e6e00 DEOPT UNPACKING pc=0x00000001167e2f2b sp=0x0000700003b6a428 mode 0
Event: 61.037 Thread 0x00007fe58c9c1c00 DEOPT PACKING pc=0x00000001170d847e sp=0x0000700003e75660
Event: 61.037 Thread 0x00007fe58c9c1c00 DEOPT UNPACKING pc=0x00000001167e2f2b sp=0x0000700003e74b18 mode 3
Event: 92.967 Thread 0x00007fe58d9e6e00 DEOPT PACKING pc=0x00000001170f7890 sp=0x0000700003b69790
Event: 92.967 Thread 0x00007fe58d9e6e00 DEOPT UNPACKING pc=0x00000001167e2f2b sp=0x0000700003b68cc8 mode 3
Event: 92.967 Thread 0x00007fe58d9e6e00 DEOPT PACKING pc=0x00000001170a4bea sp=0x0000700003b69760
Event: 92.967 Thread 0x00007fe58d9e6e00 DEOPT UNPACKING pc=0x00000001167e2f2b sp=0x0000700003b68cc8 mode 3

Classes unloaded (2 events):
Event: 100.183 Thread 0x00007fe58c70d7a0 Unloading class 0x00000008010d1440 'jdk/internal/reflect/GeneratedSerializationConstructorAccessor2'
Event: 100.183 Thread 0x00007fe58c70d7a0 Unloading class 0x00000008010d2440 'jdk/internal/reflect/GeneratedSerializationConstructorAccessor1'

Classes redefined (0 events):
No events

Internal exceptions (20 events):
Event: 92.301 Thread 0x00007fe58d9e6e00 Exception <a 'java/lang/NoSuchMethodError'{0x000000078771c228}: 'java.lang.Object java.lang.invoke.DirectMethodHandle$Holder.newInvokeSpecial(java.lang.Object, java.lang.Object, int)'> (0x000000078771c228) 
thrown [src/hotspot/share/interpreter/linkResolver.cpp, line 782]
Event: 92.314 Thread 0x00007fe58d9e6e00 Exception <a 'java/lang/IncompatibleClassChangeError'{0x000000078774b6d8}: Found class java.lang.Object, but interface was expected> (0x000000078774b6d8) 
thrown [src/hotspot/share/interpreter/linkResolver.cpp, line 848]
Event: 94.119 Thread 0x00007fe58d9e6e00 Exception <a 'java/lang/ClassNotFoundException'{0x0000000782cb3ee0}: java/lang/ObjectCustomizer> (0x0000000782cb3ee0) 
thrown [src/hotspot/share/classfile/systemDictionary.cpp, line 295]
Event: 94.120 Thread 0x00007fe58d9e6e00 Exception <a 'java/lang/ClassNotFoundException'{0x0000000782cbe6f0}: org/springframework/web/servlet/config/annotation/WebMvcConfigurationSupportCustomizer> (0x0000000782cbe6f0) 
thrown [src/hotspot/share/classfile/systemDictionary.cpp, line 295]
Event: 94.135 Thread 0x00007fe58d9e6e00 Exception <a 'java/lang/ClassNotFoundException'{0x0000000782cd50b8}: org/springframework/web/servlet/config/annotation/DelegatingWebMvcConfigurationCustomizer> (0x0000000782cd50b8) 
thrown [src/hotspot/share/classfile/systemDictionary.cpp, line 295]
Event: 94.136 Thread 0x00007fe58d9e6e00 Exception <a 'java/lang/ClassNotFoundException'{0x0000000782ce0e48}: org/springframework/boot/autoconfigure/web/servlet/WebMvcAutoConfiguration$EnableWebMvcConfigurationCustomizer> (0x0000000782ce0e48) 
thrown [src/hotspot/share/classfile/systemDictionary.cpp, line 295]
Event: 94.145 Thread 0x00007fe58d9e6e00 Exception <a 'java/lang/ClassNotFoundException'{0x0000000782cf69b8}: org/springframework/context/ResourceLoaderAwareCustomizer> (0x0000000782cf69b8) 
thrown [src/hotspot/share/classfile/systemDictionary.cpp, line 295]
Event: 94.147 Thread 0x00007fe58d9e6e00 Exception <a 'java/lang/ClassNotFoundException'{0x0000000782cfd968}: org/springframework/beans/factory/AwareCustomizer> (0x0000000782cfd968) 
thrown [src/hotspot/share/classfile/systemDictionary.cpp, line 295]
Event: 94.148 Thread 0x00007fe58d9e6e00 Exception <a 'java/lang/ClassNotFoundException'{0x0000000782b04250}: org/springframework/context/ApplicationContextAwareCustomizer> (0x0000000782b04250) 
thrown [src/hotspot/share/classfile/systemDictionary.cpp, line 295]
Event: 94.148 Thread 0x00007fe58d9e6e00 Exception <a 'java/lang/ClassNotFoundException'{0x0000000782b0bdd0}: org/springframework/beans/factory/AwareCustomizer> (0x0000000782b0bdd0) 
thrown [src/hotspot/share/classfile/systemDictionary.cpp, line 295]
Event: 94.150 Thread 0x00007fe58d9e6e00 Exception <a 'java/lang/ClassNotFoundException'{0x0000000782b121a0}: org/springframework/web/context/ServletContextAwareCustomizer> (0x0000000782b121a0) 
thrown [src/hotspot/share/classfile/systemDictionary.cpp, line 295]
Event: 94.151 Thread 0x00007fe58d9e6e00 Exception <a 'java/lang/ClassNotFoundException'{0x0000000782b195a8}: org/springframework/beans/factory/AwareCustomizer> (0x0000000782b195a8) 
thrown [src/hotspot/share/classfile/systemDictionary.cpp, line 295]
Event: 95.254 Thread 0x00007fe58d9e6e00 Exception <a 'java/lang/NoSuchMethodError'{0x0000000787703e80}: 'void java.lang.invoke.DirectMethodHandle$Holder.invokeVirtual(java.lang.Object, java.lang.Object, int)'> (0x0000000787703e80) 
thrown [src/hotspot/share/interpreter/linkResolver.cpp, line 782]
Event: 95.260 Thread 0x00007fe58d9e6e00 Exception <a 'java/lang/NoSuchMethodError'{0x000000078771ff08}: 'void java.lang.invoke.DirectMethodHandle$Holder.invokeVirtual(java.lang.Object, java.lang.Object, long)'> (0x000000078771ff08) 
thrown [src/hotspot/share/interpreter/linkResolver.cpp, line 782]
Event: 97.115 Thread 0x00007fe58d9e6e00 Exception <a 'java/lang/IncompatibleClassChangeError'{0x0000000782608ab0}: Found class java.lang.Object, but interface was expected> (0x0000000782608ab0) 
thrown [src/hotspot/share/interpreter/linkResolver.cpp, line 848]
Event: 99.935 Thread 0x00007fe58d9e6e00 Exception <a 'java/lang/NoSuchMethodError'{0x0000000787a721a0}: 'int java.lang.invoke.DirectMethodHandle$Holder.invokeStaticInit(java.lang.Object, java.lang.Object, java.lang.Object, java.lang.Object)'> (0x0000000787a721a0) 
thrown [src/hotspot/share/interpreter/linkResolver.cpp, line 782]
Event: 101.160 Thread 0x00007fe58d9e6e00 Exception <a 'java/lang/NoSuchMethodError'{0x00000007856ba5f0}: 'java.lang.Object java.lang.invoke.DirectMethodHandle$Holder.invokeSpecial(java.lang.Object, java.lang.Object, int, java.lang.Object, int, java.lang.Object)'> (0x00000007856ba5f0) 
thrown [src/hotspot/share/interpreter/linkResolver.cpp, line 782]
Event: 101.163 Thread 0x00007fe58d9e6e00 Exception <a 'java/lang/NoSuchMethodError'{0x00000007856c3080}: 'java.lang.Object java.lang.invoke.DirectMethodHandle$Holder.newInvokeSpecial(java.lang.Object, java.lang.Object, int, java.lang.Object, int)'> (0x00000007856c3080) 
thrown [src/hotspot/share/interpreter/linkResolver.cpp, line 782]
Event: 101.164 Thread 0x00007fe58d9e6e00 Exception <a 'java/lang/NoSuchMethodError'{0x00000007856c7290}: 'java.lang.Object java.lang.invoke.DirectMethodHandle$Holder.invokeSpecial(java.lang.Object, java.lang.Object, java.lang.Object, int, java.lang.Object, int)'> (0x00000007856c7290) 
thrown [src/hotspot/share/interpreter/linkResolver.cpp, line 782]
Event: 101.170 Thread 0x00007fe58d9e6e00 Exception <a 'java/lang/NoSuchMethodError'{0x00000007856d20a0}: 'void java.lang.invoke.DirectMethodHandle$Holder.invokeVirtual(java.lang.Object, java.lang.Object)'> (0x00000007856d20a0) 
thrown [src/hotspot/share/interpreter/linkResolver.cpp, line 782]

Events (20 events):
Event: 175.698 loading class java/nio/channels/ClosedChannelException
Event: 175.698 loading class java/nio/channels/ClosedChannelException done
Event: 175.728 loading class java/util/concurrent/Semaphore
Event: 175.731 loading class java/util/concurrent/Semaphore done
Event: 175.731 loading class java/util/concurrent/Semaphore$NonfairSync
Event: 175.731 loading class java/util/concurrent/Semaphore$Sync
Event: 175.732 loading class java/util/concurrent/Semaphore$Sync done
Event: 175.732 loading class java/util/concurrent/Semaphore$NonfairSync done
Event: 175.732 loading class sun/nio/ch/SocketAdaptor
Event: 175.735 loading class sun/nio/ch/SocketAdaptor done
Event: 175.742 loading class sun/nio/ch/SocketChannelImpl$DefaultOptionsHolder
Event: 175.744 loading class sun/nio/ch/SocketChannelImpl$DefaultOptionsHolder done
Event: 175.750 loading class sun/nio/ch/SelectionKeyImpl
Event: 175.750 loading class java/nio/channels/spi/AbstractSelectionKey
Event: 175.751 loading class java/nio/channels/SelectionKey
Event: 175.751 loading class java/nio/channels/SelectionKey done
Event: 175.751 loading class java/nio/channels/spi/AbstractSelectionKey done
Event: 175.751 loading class sun/nio/ch/SelectionKeyImpl done
Event: 175.751 loading class java/lang/invoke/ConstantBootstraps
Event: 175.753 loading class java/lang/invoke/ConstantBootstraps done


Dynamic libraries:
0x00007fff6914a000 	/usr/lib/libz.1.dylib
0x0000000108d9d000 	/usr/local/Cellar/openjdk/15.0.2/libexec/openjdk.jdk/Contents/Home/lib/libjli.dylib
0x00007fff2ec4d000 	/System/Library/Frameworks/Cocoa.framework/Versions/A/Cocoa
0x00007fff3c446000 	/System/Library/Frameworks/Security.framework/Versions/A/Security
0x00007fff2dbb2000 	/System/Library/Frameworks/ApplicationServices.framework/Versions/A/ApplicationServices
0x00007fff66c0e000 	/usr/lib/libSystem.B.dylib
0x00007fff69a0b000 	/usr/lib/system/libcache.dylib
0x00007fff69a11000 	/usr/lib/system/libcommonCrypto.dylib
0x00007fff69a1d000 	/usr/lib/system/libcompiler_rt.dylib
0x00007fff69a25000 	/usr/lib/system/libcopyfile.dylib
0x00007fff69a2f000 	/usr/lib/system/libcorecrypto.dylib
0x00007fff69bce000 	/usr/lib/system/libdispatch.dylib
0x00007fff69c0f000 	/usr/lib/system/libdyld.dylib
0x00007fff69c46000 	/usr/lib/system/libkeymgr.dylib
0x00007fff69c54000 	/usr/lib/system/liblaunch.dylib
0x00007fff69c55000 	/usr/lib/system/libmacho.dylib
0x00007fff69c5b000 	/usr/lib/system/libquarantine.dylib
0x00007fff69c5e000 	/usr/lib/system/libremovefile.dylib
0x00007fff69c60000 	/usr/lib/system/libsystem_asl.dylib
0x00007fff69c78000 	/usr/lib/system/libsystem_blocks.dylib
0x00007fff69c79000 	/usr/lib/system/libsystem_c.dylib
0x00007fff69d01000 	/usr/lib/system/libsystem_configuration.dylib
0x00007fff69d05000 	/usr/lib/system/libsystem_coreservices.dylib
0x00007fff69d09000 	/usr/lib/system/libsystem_darwin.dylib
0x00007fff69d12000 	/usr/lib/system/libsystem_dnssd.dylib
0x00007fff69d1a000 	/usr/lib/system/libsystem_featureflags.dylib
0x00007fff69d1c000 	/usr/lib/system/libsystem_info.dylib
0x00007fff69d97000 	/usr/lib/system/libsystem_m.dylib
0x00007fff69ddf000 	/usr/lib/system/libsystem_malloc.dylib
0x00007fff69e07000 	/usr/lib/system/libsystem_networkextension.dylib
0x00007fff69e15000 	/usr/lib/system/libsystem_notify.dylib
0x00007fff69e33000 	/usr/lib/system/libsystem_sandbox.dylib
0x00007fff69e38000 	/usr/lib/system/libsystem_secinit.dylib
0x00007fff69d6a000 	/usr/lib/system/libsystem_kernel.dylib
0x00007fff69e1f000 	/usr/lib/system/libsystem_platform.dylib
0x00007fff69e28000 	/usr/lib/system/libsystem_pthread.dylib
0x00007fff69e3b000 	/usr/lib/system/libsystem_symptoms.dylib
0x00007fff69e43000 	/usr/lib/system/libsystem_trace.dylib
0x00007fff69e5b000 	/usr/lib/system/libunwind.dylib
0x00007fff69e61000 	/usr/lib/system/libxpc.dylib
0x00007fff68a6e000 	/usr/lib/libobjc.A.dylib
0x00007fff66f47000 	/usr/lib/libc++abi.dylib
0x00007fff66ef4000 	/usr/lib/libc++.1.dylib
0x00007fff2faef000 	/System/Library/Frameworks/CoreFoundation.framework/Versions/A/CoreFoundation
0x00007fff321ac000 	/System/Library/Frameworks/Foundation.framework/Versions/C/Foundation
0x00007fff2cda2000 	/System/Library/Frameworks/AppKit.framework/Versions/C/AppKit
0x00007fff2f5d1000 	/System/Library/Frameworks/CoreData.framework/Versions/A/CoreData
0x00007fff60c23000 	/System/Library/PrivateFrameworks/UIFoundation.framework/Versions/A/UIFoundation
0x00007fff5bcb7000 	/System/Library/PrivateFrameworks/RemoteViewServices.framework/Versions/A/RemoteViewServices
0x00007fff6377e000 	/System/Library/PrivateFrameworks/XCTTargetBootstrap.framework/Versions/A/XCTTargetBootstrap
0x00007fff2f9bc000 	/System/Library/Frameworks/CoreDisplay.framework/Versions/A/CoreDisplay
0x00007fff35067000 	/System/Library/Frameworks/Metal.framework/Versions/A/Metal
0x00007fff49c60000 	/System/Library/PrivateFrameworks/DesktopServicesPriv.framework/Versions/A/DesktopServicesPriv
0x00007fff67d49000 	/usr/lib/liblangid.dylib
0x00007fff48ef5000 	/System/Library/PrivateFrameworks/CoreSVG.framework/Versions/A/CoreSVG
0x00007fff5ee13000 	/System/Library/PrivateFrameworks/SkyLight.framework/Versions/A/SkyLight
0x00007fff2ff70000 	/System/Library/Frameworks/CoreGraphics.framework/Versions/A/CoreGraphics
0x00007fff2b776000 	/System/Library/Frameworks/Accelerate.framework/Versions/A/Accelerate
0x00007fff6903b000 	/usr/lib/libxml2.2.dylib
0x00007fff54bfe000 	/System/Library/PrivateFrameworks/IconServices.framework/Versions/A/IconServices
0x00007fff3298b000 	/System/Library/Frameworks/IOSurface.framework/Versions/A/IOSurface
0x00007fff66738000 	/usr/lib/libDiagnosticMessagesClient.dylib
0x00007fff49aba000 	/System/Library/PrivateFrameworks/DFRFoundation.framework/Versions/A/DFRFoundation
0x00007fff67ad8000 	/usr/lib/libicucore.A.dylib
0x00007fff2dee4000 	/System/Library/Frameworks/AudioToolbox.framework/Versions/A/AudioToolbox
0x00007fff2dfc7000 	/System/Library/Frameworks/AudioUnit.framework/Versions/A/AudioUnit
0x00007fff66e10000 	/usr/lib/libauto.dylib
0x00007fff49b5c000 	/System/Library/PrivateFrameworks/DataDetectorsCore.framework/Versions/A/DataDetectorsCore
0x00007fff2e76e000 	/System/Library/Frameworks/Carbon.framework/Versions/A/Frameworks/HIToolbox.framework/Versions/A/HIToolbox
0x00007fff3b640000 	/System/Library/Frameworks/QuartzCore.framework/Versions/A/QuartzCore
0x00007fff2eaad000 	/System/Library/Frameworks/Carbon.framework/Versions/A/Frameworks/SpeechRecognition.framework/Versions/A/SpeechRecognition
0x00007fff495ce000 	/System/Library/PrivateFrameworks/CoreUI.framework/Versions/A/CoreUI
0x00007fff2f03c000 	/System/Library/Frameworks/CoreAudio.framework/Versions/A/CoreAudio
0x00007fff31e6b000 	/System/Library/Frameworks/DiskArbitration.framework/Versions/A/DiskArbitration
0x00007fff56c92000 	/System/Library/PrivateFrameworks/MultitouchSupport.framework/Versions/A/MultitouchSupport
0x00007fff6799f000 	/usr/lib/libenergytrace.dylib
0x00007fff328e5000 	/System/Library/Frameworks/IOKit.framework/Versions/A/IOKit
0x00007fff30ed7000 	/System/Library/Frameworks/CoreServices.framework/Versions/A/CoreServices
0x00007fff58e4a000 	/System/Library/PrivateFrameworks/PerformanceAnalysis.framework/Versions/A/PerformanceAnalysis
0x00007fff3a673000 	/System/Library/Frameworks/OpenGL.framework/Versions/A/OpenGL
0x00007fff2ec5b000 	/System/Library/Frameworks/ColorSync.framework/Versions/A/ColorSync
0x00007fff305f3000 	/System/Library/Frameworks/CoreImage.framework/Versions/A/CoreImage
0x00007fff3194a000 	/System/Library/Frameworks/CoreText.framework/Versions/A/CoreText
0x00007fff32a1b000 	/System/Library/Frameworks/ImageIO.framework/Versions/A/ImageIO
0x00007fff66f70000 	/usr/lib/libcompression.dylib
0x00007fff66a7c000 	/usr/lib/libMobileGestalt.dylib
0x00007fff6098d000 	/System/Library/PrivateFrameworks/TextureIO.framework/Versions/A/TextureIO
0x00007fff66d73000 	/usr/lib/libate.dylib
0x00007fff54e07000 	/System/Library/PrivateFrameworks/InternationalSupport.framework/Versions/A/InternationalSupport
0x00007fff67d4b000 	/usr/lib/liblzma.5.dylib
0x00007fff679c6000 	/usr/lib/libfakelink.dylib
0x00007fff66d00000 	/usr/lib/libarchive.2.dylib
0x00007fff3d4f7000 	/System/Library/Frameworks/SystemConfiguration.framework/Versions/A/SystemConfiguration
0x00007fff6666b000 	/usr/lib/libCRFSuite.dylib
0x00007fff2e35e000 	/System/Library/Frameworks/CFNetwork.framework/Versions/A/CFNetwork
0x00007fff66ed6000 	/usr/lib/libbsm.0.dylib
0x00007fff69c47000 	/usr/lib/system/libkxld.dylib
0x00007fff43437000 	/System/Library/PrivateFrameworks/AppleFSCompression.framework/Versions/A/AppleFSCompression
0x00007fff67261000 	/usr/lib/libcoretls.dylib
0x00007fff67278000 	/usr/lib/libcoretls_cfhelpers.dylib
0x00007fff68ab4000 	/usr/lib/libpam.2.dylib
0x00007fff68be9000 	/usr/lib/libsqlite3.dylib
0x00007fff69028000 	/usr/lib/libxar.1.dylib
0x00007fff66ee7000 	/usr/lib/libbz2.1.0.dylib
0x00007fff679e7000 	/usr/lib/libiconv.2.dylib
0x00007fff66f5d000 	/usr/lib/libcharset.1.dylib
0x00007fff68551000 	/usr/lib/libnetwork.dylib
0x00007fff68abb000 	/usr/lib/libpcap.A.dylib
0x00007fff66cb5000 	/usr/lib/libapple_nghttp2.dylib
0x00007fff3128e000 	/System/Library/Frameworks/CoreServices.framework/Versions/A/Frameworks/FSEvents.framework/Versions/A/FSEvents
0x00007fff30f5e000 	/System/Library/Frameworks/CoreServices.framework/Versions/A/Frameworks/CarbonCore.framework/Versions/A/CarbonCore
0x00007fff314d2000 	/System/Library/Frameworks/CoreServices.framework/Versions/A/Frameworks/Metadata.framework/Versions/A/Metadata
0x00007fff3156b000 	/System/Library/Frameworks/CoreServices.framework/Versions/A/Frameworks/OSServices.framework/Versions/A/OSServices
0x00007fff31599000 	/System/Library/Frameworks/CoreServices.framework/Versions/A/Frameworks/SearchKit.framework/Versions/A/SearchKit
0x00007fff30ed8000 	/System/Library/Frameworks/CoreServices.framework/Versions/A/Frameworks/AE.framework/Versions/A/AE
0x00007fff31297000 	/System/Library/Frameworks/CoreServices.framework/Versions/A/Frameworks/LaunchServices.framework/Versions/A/LaunchServices
0x00007fff31240000 	/System/Library/Frameworks/CoreServices.framework/Versions/A/Frameworks/DictionaryServices.framework/Versions/A/DictionaryServices
0x00007fff31601000 	/System/Library/Frameworks/CoreServices.framework/Versions/A/Frameworks/SharedFileList.framework/Versions/A/SharedFileList
0x00007fff36492000 	/System/Library/Frameworks/NetFS.framework/Versions/A/NetFS
0x00007fff571c2000 	/System/Library/PrivateFrameworks/NetAuth.framework/Versions/A/NetAuth
0x00007fff63b4b000 	/System/Library/PrivateFrameworks/login.framework/Versions/A/Frameworks/loginsupport.framework/Versions/A/loginsupport
0x00007fff60458000 	/System/Library/PrivateFrameworks/TCC.framework/Versions/A/TCC
0x00007fff48068000 	/System/Library/PrivateFrameworks/CoreNLP.framework/Versions/A/CoreNLP
0x00007fff5667b000 	/System/Library/PrivateFrameworks/MetadataUtilities.framework/Versions/A/MetadataUtilities
0x00007fff67e23000 	/usr/lib/libmecabra.dylib
0x00007fff67d7b000 	/usr/lib/libmecab.dylib
0x00007fff679d7000 	/usr/lib/libgermantok.dylib
0x00007fff66c9c000 	/usr/lib/libThaiTokenizer.dylib
0x00007fff666a2000 	/usr/lib/libChineseTokenizer.dylib
0x00007fff2b78e000 	/System/Library/Frameworks/Accelerate.framework/Versions/A/Frameworks/vImage.framework/Versions/A/vImage
0x00007fff2cbf8000 	/System/Library/Frameworks/Accelerate.framework/Versions/A/Frameworks/vecLib.framework/Versions/A/vecLib
0x00007fff2cb35000 	/System/Library/Frameworks/Accelerate.framework/Versions/A/Frameworks/vecLib.framework/Versions/A/libvMisc.dylib
0x00007fff2c95d000 	/System/Library/Frameworks/Accelerate.framework/Versions/A/Frameworks/vecLib.framework/Versions/A/libvDSP.dylib
0x00007fff2bde5000 	/System/Library/Frameworks/Accelerate.framework/Versions/A/Frameworks/vecLib.framework/Versions/A/libBLAS.dylib
0x00007fff2c521000 	/System/Library/Frameworks/Accelerate.framework/Versions/A/Frameworks/vecLib.framework/Versions/A/libLAPACK.dylib
0x00007fff2c8bd000 	/System/Library/Frameworks/Accelerate.framework/Versions/A/Frameworks/vecLib.framework/Versions/A/libLinearAlgebra.dylib
0x00007fff2c94a000 	/System/Library/Frameworks/Accelerate.framework/Versions/A/Frameworks/vecLib.framework/Versions/A/libSparseBLAS.dylib
0x00007fff2c8d3000 	/System/Library/Frameworks/Accelerate.framework/Versions/A/Frameworks/vecLib.framework/Versions/A/libQuadrature.dylib
0x00007fff2c04d000 	/System/Library/Frameworks/Accelerate.framework/Versions/A/Frameworks/vecLib.framework/Versions/A/libBNNS.dylib
0x00007fff2c8d9000 	/System/Library/Frameworks/Accelerate.framework/Versions/A/Frameworks/vecLib.framework/Versions/A/libSparse.dylib
0x00007fff551ef000 	/System/Library/PrivateFrameworks/LanguageModeling.framework/Versions/A/LanguageModeling
0x00007fff47a18000 	/System/Library/PrivateFrameworks/CoreEmoji.framework/Versions/A/CoreEmoji
0x00007fff5530d000 	/System/Library/PrivateFrameworks/LinguisticData.framework/Versions/A/LinguisticData
0x00007fff552be000 	/System/Library/PrivateFrameworks/Lexicon.framework/Versions/A/Lexicon
0x00007fff66f5e000 	/usr/lib/libcmph.dylib
0x00007fff39081000 	/System/Library/Frameworks/OpenDirectory.framework/Versions/A/Frameworks/CFOpenDirectory.framework/Versions/A/CFOpenDirectory
0x00007fff3909e000 	/System/Library/Frameworks/OpenDirectory.framework/Versions/A/OpenDirectory
0x00007fff414e1000 	/System/Library/PrivateFrameworks/APFS.framework/Versions/A/APFS
0x00007fff3c790000 	/System/Library/Frameworks/SecurityFoundation.framework/Versions/A/SecurityFoundation
0x00007fff69024000 	/usr/lib/libutil.dylib
0x00007fff48f4d000 	/System/Library/PrivateFrameworks/CoreServicesStore.framework/Versions/A/CoreServicesStore
0x00007fff3c847000 	/System/Library/Frameworks/ServiceManagement.framework/Versions/A/ServiceManagement
0x00007fff44c07000 	/System/Library/PrivateFrameworks/BackgroundTaskManagement.framework/Versions/A/BackgroundTaskManagement
0x00007fff69121000 	/usr/lib/libxslt.1.dylib
0x00007fff43aaa000 	/System/Library/PrivateFrameworks/AppleSystemInfo.framework/Versions/A/AppleSystemInfo
0x00007fff32c36000 	/System/Library/Frameworks/ImageIO.framework/Versions/A/Resources/libJPEG.dylib
0x00007fff32ef5000 	/System/Library/Frameworks/ImageIO.framework/Versions/A/Resources/libTIFF.dylib
0x00007fff32ed8000 	/System/Library/Frameworks/ImageIO.framework/Versions/A/Resources/libPng.dylib
0x00007fff32b78000 	/System/Library/Frameworks/ImageIO.framework/Versions/A/Resources/libGIF.dylib
0x00007fff32b7c000 	/System/Library/Frameworks/ImageIO.framework/Versions/A/Resources/libJP2.dylib
0x00007fff32ef3000 	/System/Library/Frameworks/ImageIO.framework/Versions/A/Resources/libRadiance.dylib
0x00007fff679a0000 	/usr/lib/libexpat.1.dylib
0x00007fff43592000 	/System/Library/PrivateFrameworks/AppleJPEG.framework/Versions/A/AppleJPEG
0x00007fff4c263000 	/System/Library/PrivateFrameworks/FontServices.framework/libFontParser.dylib
0x00007fff62b4d000 	/System/Library/PrivateFrameworks/WatchdogClient.framework/Versions/A/WatchdogClient
0x00007fff5484a000 	/System/Library/PrivateFrameworks/IOAccelerator.framework/Versions/A/IOAccelerator
0x00007fff35402000 	/System/Library/Frameworks/MetalPerformanceShaders.framework/Versions/A/MetalPerformanceShaders
0x00007fff50fe0000 	/System/Library/PrivateFrameworks/GPUWrangler.framework/Versions/A/GPUWrangler
0x00007fff5485f000 	/System/Library/PrivateFrameworks/IOPresentment.framework/Versions/A/IOPresentment
0x00007fff49acd000 	/System/Library/PrivateFrameworks/DSExternalDisplay.framework/Versions/A/DSExternalDisplay
0x00007fff39a12000 	/System/Library/Frameworks/OpenGL.framework/Versions/A/Libraries/libCoreFSCache.dylib
0x00007fff3514e000 	/System/Library/Frameworks/MetalPerformanceShaders.framework/Frameworks/MPSCore.framework/Versions/A/MPSCore
0x00007fff3518c000 	/System/Library/Frameworks/MetalPerformanceShaders.framework/Frameworks/MPSImage.framework/Versions/A/MPSImage
0x00007fff35253000 	/System/Library/Frameworks/MetalPerformanceShaders.framework/Frameworks/MPSNeuralNetwork.framework/Versions/A/MPSNeuralNetwork
0x00007fff35217000 	/System/Library/Frameworks/MetalPerformanceShaders.framework/Frameworks/MPSMatrix.framework/Versions/A/MPSMatrix
0x00007fff353b2000 	/System/Library/Frameworks/MetalPerformanceShaders.framework/Frameworks/MPSRayIntersector.framework/Versions/A/MPSRayIntersector
0x00007fff3523d000 	/System/Library/Frameworks/MetalPerformanceShaders.framework/Frameworks/MPSNDArray.framework/Versions/A/MPSNDArray
0x00007fff566c8000 	/System/Library/PrivateFrameworks/MetalTools.framework/Versions/A/MetalTools
0x00007fff426bb000 	/System/Library/PrivateFrameworks/AggregateDictionary.framework/Versions/A/AggregateDictionary
0x00007fff47460000 	/System/Library/PrivateFrameworks/CoreAnalytics.framework/Versions/A/CoreAnalytics
0x00007fff439c9000 	/System/Library/PrivateFrameworks/AppleSauce.framework/Versions/A/AppleSauce
0x00007fff6695e000 	/usr/lib/libIOReport.dylib
0x00007fff31b02000 	/System/Library/Frameworks/CoreVideo.framework/Versions/A/CoreVideo
0x00007fff52459000 	/System/Library/PrivateFrameworks/GraphVisualizer.framework/Versions/A/GraphVisualizer
0x00007fff4b7a9000 	/System/Library/PrivateFrameworks/FaceCore.framework/Versions/A/FaceCore
0x00007fff39028000 	/System/Library/Frameworks/OpenCL.framework/Versions/A/OpenCL
0x00007fff66780000 	/usr/lib/libFosl_dynamic.dylib
0x00007fff57be2000 	/System/Library/PrivateFrameworks/OTSVG.framework/Versions/A/OTSVG
0x00007fff2dcb7000 	/System/Library/Frameworks/ApplicationServices.framework/Versions/A/Frameworks/ATS.framework/Versions/A/Resources/libFontRegistry.dylib
0x00007fff4c434000 	/System/Library/PrivateFrameworks/FontServices.framework/libhvf.dylib
0x00007fff39a1d000 	/System/Library/Frameworks/OpenGL.framework/Versions/A/Libraries/libGFXShared.dylib
0x00007fff39bfb000 	/System/Library/Frameworks/OpenGL.framework/Versions/A/Libraries/libGLU.dylib
0x00007fff39a26000 	/System/Library/Frameworks/OpenGL.framework/Versions/A/Libraries/libGL.dylib
0x00007fff39a31000 	/System/Library/Frameworks/OpenGL.framework/Versions/A/Libraries/libGLImage.dylib
0x00007fff39a0f000 	/System/Library/Frameworks/OpenGL.framework/Versions/A/Libraries/libCVMSPluginSupport.dylib
0x00007fff39a18000 	/System/Library/Frameworks/OpenGL.framework/Versions/A/Libraries/libCoreVMClient.dylib
0x00007fff683f2000 	/usr/lib/libncurses.5.4.dylib
0x00007fff2dbb3000 	/System/Library/Frameworks/ApplicationServices.framework/Versions/A/Frameworks/ATS.framework/Versions/A/ATS
0x00007fff2dd80000 	/System/Library/Frameworks/ApplicationServices.framework/Versions/A/Frameworks/ColorSyncLegacy.framework/Versions/A/ColorSyncLegacy
0x00007fff2de1e000 	/System/Library/Frameworks/ApplicationServices.framework/Versions/A/Frameworks/HIServices.framework/Versions/A/HIServices
0x00007fff2de76000 	/System/Library/Frameworks/ApplicationServices.framework/Versions/A/Frameworks/LangAnalysis.framework/Versions/A/LangAnalysis
0x00007fff2de85000 	/System/Library/Frameworks/ApplicationServices.framework/Versions/A/Frameworks/PrintCore.framework/Versions/A/PrintCore
0x00007fff2decb000 	/System/Library/Frameworks/ApplicationServices.framework/Versions/A/Frameworks/QD.framework/Versions/A/QD
0x00007fff2ded6000 	/System/Library/Frameworks/ApplicationServices.framework/Versions/A/Frameworks/SpeechSynthesis.framework/Versions/A/SpeechSynthesis
0x00007fff2dd50000 	/System/Library/Frameworks/ApplicationServices.framework/Versions/A/Frameworks/ATSUI.framework/Versions/A/ATSUI
0x00007fff67836000 	/usr/lib/libcups.2.dylib
0x00007fff3449d000 	/System/Library/Frameworks/Kerberos.framework/Versions/A/Kerberos
0x00007fff325de000 	/System/Library/Frameworks/GSS.framework/Versions/A/GSS
0x00007fff68b75000 	/usr/lib/libresolv.9.dylib
0x00007fff52606000 	/System/Library/PrivateFrameworks/Heimdal.framework/Versions/A/Heimdal
0x00007fff344b0000 	/System/Library/Frameworks/Kerberos.framework/Versions/A/Libraries/libHeimdalProxy.dylib
0x00007fff679dd000 	/usr/lib/libheimdal-asn1.dylib
0x00007fff468f8000 	/System/Library/PrivateFrameworks/CommonAuth.framework/Versions/A/CommonAuth
0x00007fff43b47000 	/System/Library/PrivateFrameworks/AssertionServices.framework/Versions/A/AssertionServices
0x00007fff446ea000 	/System/Library/PrivateFrameworks/AudioToolboxCore.framework/Versions/A/AudioToolboxCore
0x00007fff637fb000 	/System/Library/PrivateFrameworks/caulk.framework/Versions/A/caulk
0x00007fff44cb3000 	/System/Library/PrivateFrameworks/BaseBoard.framework/Versions/A/BaseBoard
0x00007fff5be45000 	/System/Library/PrivateFrameworks/RunningBoardServices.framework/Versions/A/RunningBoardServices
0x00007fff58e56000 	/System/Library/PrivateFrameworks/PersistentConnection.framework/Versions/A/PersistentConnection
0x00007fff5b83e000 	/System/Library/PrivateFrameworks/ProtocolBuffer.framework/Versions/A/ProtocolBuffer
0x00007fff4691c000 	/System/Library/PrivateFrameworks/CommonUtilities.framework/Versions/A/CommonUtilities
0x00007fff44e41000 	/System/Library/PrivateFrameworks/Bom.framework/Versions/A/Bom
0x00007fff66631000 	/usr/lib/libAudioToolboxUtility.dylib
0x00007fff44c11000 	/System/Library/PrivateFrameworks/Backup.framework/Versions/A/Backup
0x00007fff499ee000 	/System/Library/PrivateFrameworks/CrashReporterSupport.framework/Versions/A/CrashReporterSupport
0x00007fff5d8d7000 	/System/Library/PrivateFrameworks/Sharing.framework/Versions/A/Sharing
0x00007fff43155000 	/System/Library/PrivateFrameworks/Apple80211.framework/Versions/A/Apple80211
0x00007fff4492e000 	/System/Library/PrivateFrameworks/AuthKit.framework/Versions/A/AuthKit
0x00007fff496fb000 	/System/Library/PrivateFrameworks/CoreUtils.framework/Versions/A/CoreUtils
0x00007fff31b47000 	/System/Library/Frameworks/CoreWLAN.framework/Versions/A/CoreWLAN
0x00007fff3276b000 	/System/Library/Frameworks/IOBluetooth.framework/Versions/A/IOBluetooth
0x00007fff56a11000 	/System/Library/PrivateFrameworks/MobileKeyBag.framework/Versions/A/MobileKeyBag
0x00007fff48500000 	/System/Library/PrivateFrameworks/CorePhoneNumbers.framework/Versions/A/CorePhoneNumbers
0x00007fff43545000 	/System/Library/PrivateFrameworks/AppleIDAuthSupport.framework/Versions/A/AppleIDAuthSupport
0x00007fff3649f000 	/System/Library/Frameworks/Network.framework/Versions/A/Network
0x00007fff5509b000 	/System/Library/PrivateFrameworks/KeychainCircle.framework/Versions/A/KeychainCircle
0x00007fff2f598000 	/System/Library/Frameworks/CoreBluetooth.framework/Versions/A/CoreBluetooth
0x00007fff5f956000 	/System/Library/PrivateFrameworks/SpeechRecognitionCore.framework/Versions/A/SpeechRecognitionCore
0x0000000109600000 	/usr/local/Cellar/openjdk/15.0.2/libexec/openjdk.jdk/Contents/Home/lib/server/libjvm.dylib
0x0000000108dc3000 	/usr/local/Cellar/openjdk/15.0.2/libexec/openjdk.jdk/Contents/Home/lib/libjimage.dylib
0x000000010a6a0000 	/usr/local/Cellar/openjdk/15.0.2/libexec/openjdk.jdk/Contents/Home/lib/libjava.dylib
0x00000001160c8000 	/usr/local/Cellar/openjdk/15.0.2/libexec/openjdk.jdk/Contents/Home/lib/libnio.dylib
0x00000001160e0000 	/usr/local/Cellar/openjdk/15.0.2/libexec/openjdk.jdk/Contents/Home/lib/libnet.dylib
0x00000001160fc000 	/usr/local/Cellar/openjdk/15.0.2/libexec/openjdk.jdk/Contents/Home/lib/libzip.dylib
0x000000011610c000 	/usr/local/Cellar/openjdk/15.0.2/libexec/openjdk.jdk/Contents/Home/lib/libverify.dylib
0x0000000116120000 	/usr/local/Cellar/openjdk/15.0.2/libexec/openjdk.jdk/Contents/Home/lib/libmanagement.dylib
0x000000011612c000 	/usr/local/Cellar/openjdk/15.0.2/libexec/openjdk.jdk/Contents/Home/lib/libmanagement_ext.dylib
0x00007fff55b69000 	/System/Library/PrivateFrameworks/MallocStackLogging.framework/Versions/A/MallocStackLogging
0x0000000116538000 	/usr/local/Cellar/openjdk/15.0.2/libexec/openjdk.jdk/Contents/Home/lib/libextnet.dylib


VM Arguments:
jvm_args: -XX:TieredStopAtLevel=1 -Dfile.encoding=UTF-8 -Duser.country=CN -Duser.language=en -Duser.variant 
java_command: com.cognizant.miam.MiamApplication
java_class_path (initial): /Users/MartinJordan/Programming/cognizant_dev_project/miam/backend/build/classes/java/main:/Users/MartinJordan/Programming/cognizant_dev_project/miam/backend/build/resources/main:/Users/MartinJordan/.gradle/caches/modules-2/files-2.1/org.postgresql/postgresql/42.2.23/9cb217a3d5b640567ed7c6e8c11f389613c81c4d/postgresql-42.2.23.jar:/Users/MartinJordan/.gradle/caches/modules-2/files-2.1/org.springframework.boot/spring-boot-devtools/2.5.3/c1ebd2e92bcee4b3bd758795220eac1c44b5c28e/spring-boot-devtools-2.5.3.jar:/Users/MartinJordan/.gradle/caches/modules-2/files-2.1/org.springdoc/springdoc-openapi-ui/1.5.9/d0909fc1e8a271a9981923e81b3cc7d4319c0869/springdoc-openapi-ui-1.5.9.jar:/Users/MartinJordan/.gradle/caches/modules-2/files-2.1/org.projectlombok/lombok/1.18.20/18bcea7d5df4d49227b4a0743a536208ce4825bb/lombok-1.18.20.jar:/Users/MartinJordan/.gradle/caches/modules-2/files-2.1/org.modelmapper/modelmapper/1.1.0/98b2cbf292dad9e284124e5d4c1f97771d9333a3/modelmapper-1.1.0.jar:/Users/MartinJordan/.gradle/caches/modules-2/files-2.1/org.liquibase/liquibase-core/3.8.2/54ce6c30827f21f5f01bcaee320ef8dcfdbb68c3/liquibase-core-3.8.2.jar:/Users/MartinJordan/.gradle/caches/modules-2/files-2.1/org.springdoc/springdoc-openapi-webmvc-core/1.5.9/2e922fec3202762440889df54d1dd425f7516fd/springdoc-openapi-webmvc-core-1.5.9.jar:/Users/MartinJordan/.gradle/caches/modules-2/files-2.1/org.springdoc/springdoc-openapi-common/1.5.9/4fb2ec073897358eaae3f7b8fcddcf8d3075d943/springdoc-openapi-common-1.5.9.jar:/Users/MartinJordan/.gradle/caches/modules-2/files-2.1/org.springframework.boot/spring-boot-autoconfigure/2.5.3/f03d7e9102d93ab25110da850be9facf11818a0b/spring-boot-autoconfigure-2.5.3.jar:/Users/MartinJordan/.gradle/caches/modules-2/files-2.1/org.springframework.boot/spring-boot/2.5.3/e25d2de9e166a8bbbfae633fc03220ab36ac19a9/spring-boot-2.5.3.jar:/Users/MartinJordan/.gradle/caches/modules-2/files-2.1/jakarta.annotation/jakarta.annotation-api/1.3.5/59eb84ee0d616332ff44ab
Launcher Type: SUN_STANDARD

[Global flags]
     intx CICompilerCount                          = 3                                         {product} {ergonomic}
     uint ConcGCThreads                            = 1                                         {product} {ergonomic}
     uint G1ConcRefinementThreads                  = 4                                         {product} {ergonomic}
   size_t G1HeapRegionSize                         = 1048576                                   {product} {ergonomic}
    uintx GCDrainStackTargetSize                   = 64                                        {product} {ergonomic}
   size_t InitialHeapSize                          = 134217728                                 {product} {ergonomic}
   size_t MarkStackSize                            = 4194304                                   {product} {ergonomic}
   size_t MaxHeapSize                              = 2147483648                                {product} {ergonomic}
   size_t MaxNewSize                               = 1287651328                                {product} {ergonomic}
   size_t MinHeapDeltaBytes                        = 1048576                                   {product} {ergonomic}
   size_t MinHeapSize                              = 8388608                                   {product} {ergonomic}
    uintx NonNMethodCodeHeapSize                   = 6973028                                {pd product} {ergonomic}
    uintx NonProfiledCodeHeapSize                  = 244685212                              {pd product} {ergonomic}
    uintx ProfiledCodeHeapSize                     = 0                                      {pd product} {ergonomic}
    uintx ReservedCodeCacheSize                    = 251658240                              {pd product} {ergonomic}
     bool SegmentedCodeCache                       = true                                      {product} {ergonomic}
   size_t SoftMaxHeapSize                          = 2147483648                             {manageable} {ergonomic}
     intx TieredStopAtLevel                        = 1                                         {product} {command line}
     bool UseCompressedClassPointers               = true                                 {lp64_product} {ergonomic}
     bool UseCompressedOops                        = true                                 {lp64_product} {ergonomic}
     bool UseG1GC                                  = true                                      {product} {ergonomic}
     bool UseNUMA                                  = false                                     {product} {ergonomic}
     bool UseNUMAInterleaving                      = false                                     {product} {ergonomic}

Logging:
Log output configuration:
 #0: stdout all=warning uptime,level,tags
 #1: stderr all=off uptime,level,tags

Environment Variables:
JAVA_HOME=/usr/local/opt/openjdk/libexec/openjdk.jdk/Contents/Home
PATH=/Users/MartinJordan/.yarn/bin:/Users/MartinJordan/.config/yarn/global/node_modules/.bin://anaconda/bin:/Library/Frameworks/Python.framework/Versions/3.7/bin:/Applications/anaconda2/bin:/Library/Frameworks/Python.framework/Versions/2.7/bin:/Library/Frameworks/Python.framework/Versions/3.6/bin:/Applications/anaconda/bin:/usr/local/opt/openjdk@11/bin:/usr/local/bin:/usr/bin:/bin:/usr/sbin:/sbin:/Library/TeX/texbin:/usr/local/share/dotnet:/opt/X11/bin:~/.dotnet/tools:/Library/Apple/usr/bin:/Library/Frameworks/Mono.framework/Versions/Current/Commands:/Users/MartinJordan/.yarn/bin:/Users/MartinJordan/.config/yarn/global/node_modules/.bin://anaconda/bin:/Applications/anaconda3/condabin:/Library/Frameworks/Python.framework/Versions/3.7/bin:/Applications/anaconda2/bin:/Library/Frameworks/Python.framework/Versions/2.7/bin:/Library/Frameworks/Python.framework/Versions/3.6/bin:/Applications/anaconda/bin:/usr/local/opt/openjdk@11/bin:{M2_HOME}/bin:/Applications/SonarScanner/bin:/Applications/SonarQube/bin:{M2_HOME}/bin:/Users/MartinJordan/.yarn/bin:/Users/MartinJordan/.config/yarn/global/node_modules/.bin://anaconda/bin:/Library/Frameworks/Python.framework/Versions/3.7/bin:/Applications/anaconda2/bin:/Library/Frameworks/Python.framework/Versions/2.7/bin:/Library/Frameworks/Python.framework/Versions/3.6/bin:/Applications/anaconda/bin:/usr/local/opt/openjdk@11/bin:/usr/local/bin:/usr/bin:/bin:/usr/sbin:/sbin:/Library/TeX/texbin:/usr/local/share/dotnet:/opt/X11/bin:~/.dotnet/tools:/Library/Apple/usr/bin:/Library/Frameworks/Mono.framework/Versions/Current/Commands:/Users/MartinJordan/.yarn/bin:/Users/MartinJordan/.config/yarn/global/node_modules/.bin://anaconda/bin:/Applications/anaconda3/condabin:/Library/Frameworks/Python.framework/Versions/3.7/bin:/Applications/anaconda2/bin:/Library/Frameworks/Python.framework/Versions/2.7/bin:/Library/Frameworks/Python.framework/Versions/3.6/bin:/Applications/anaconda/bin:/usr/local/opt/openjdk@11/bin:{M2_HOME}/bin:/Applications/SonarScanner/
SHELL=/bin/zsh
LANG=en_US.UTF-8

Signal Handlers:
SIGSEGV: [libjvm.dylib+0xa69a10], sa_mask[0]=11111111011111110111111111111111, sa_flags=SA_ONSTACK|SA_RESTART|SA_SIGINFO
SIGBUS: [libjvm.dylib+0xa69a10], sa_mask[0]=11111111011111110111111111111111, sa_flags=SA_RESTART|SA_SIGINFO
SIGFPE: [libjvm.dylib+0xa69a10], sa_mask[0]=11111111011111110111111111111111, sa_flags=SA_RESTART|SA_SIGINFO
SIGPIPE: [libjvm.dylib+0x82a6b0], sa_mask[0]=11111111011111110111111111111111, sa_flags=SA_RESTART|SA_SIGINFO
SIGXFSZ: [libjvm.dylib+0x82a6b0], sa_mask[0]=11111111011111110111111111111111, sa_flags=SA_RESTART|SA_SIGINFO
SIGILL: [libjvm.dylib+0xa69a10], sa_mask[0]=11111111011111110111111111111111, sa_flags=SA_RESTART|SA_SIGINFO
SIGUSR2: [libjvm.dylib+0x82b150], sa_mask[0]=00100000000000000000000000000000, sa_flags=SA_RESTART|SA_SIGINFO
SIGHUP: [libjvm.dylib+0x8298b0], sa_mask[0]=11111111011111110111111111111111, sa_flags=SA_RESTART|SA_SIGINFO
SIGINT: [libjvm.dylib+0x8298b0], sa_mask[0]=11111111011111110111111111111111, sa_flags=SA_RESTART|SA_SIGINFO
SIGTERM: [libjvm.dylib+0x8298b0], sa_mask[0]=11111111011111110111111111111111, sa_flags=SA_RESTART|SA_SIGINFO
SIGQUIT: [libjvm.dylib+0x8298b0], sa_mask[0]=11111111011111110111111111111111, sa_flags=SA_RESTART|SA_SIGINFO


---------------  S Y S T E M  ---------------

OS:uname: Darwin 19.6.0 Darwin Kernel Version 19.6.0: Thu Oct 29 22:56:45 PDT 2020; root:xnu-6153.141.2.2~1/RELEASE_X86_64 x86_64
OS uptime: 0 days 21:12 hours
rlimit (soft/hard): STACK 8192k/65532k , CORE 0k/infinity , NPROC 1392/2088 , NOFILE 10240/infinity , AS infinity/infinity , CPU infinity/infinity , DATA infinity/infinity , FSIZE infinity/infinity , MEMLOCK infinity/infinity , RSS infinity/infinity
load average: 244.62 175.81 93.11

CPU: total 4 (initial active 4) (2 cores per cpu, 2 threads per core) family 6 model 61 stepping 4 microcode 0x2f, cmov, cx8, fxsr, mmx, sse, sse2, sse3, ssse3, sse4.1, sse4.2, popcnt, vzeroupper, avx, avx2, aes, clmul, erms, 3dnowpref, lzcnt, ht, tsc, tscinvbit, bmi1, bmi2, adx, fma, clflush

Memory: 4k page, physical 8388608k(39604k free), swap 7340032k(1525248k free)

vm_info: OpenJDK 64-Bit Server VM (15.0.2+7) for bsd-amd64 JRE (15.0.2+7), built on Mar  2 2021 04:47:53 by "brew" with clang Apple LLVM 12.0.0 (clang-1200.0.32.29)

END.
